<?xml version="1.0" encoding="UTF-8"?>
<robot generator="Robot 4.1.2 (Python 3.9.8 on win32)" generated="20211123 21:35:02.422" rpa="false" schemaversion="2">
<suite id="s1" name="TestAPIBook" source="C:\Curso Robot\Teste API\Fake API\TestCaseAPIBooks\TestAPIBook.robot">
<kw name="Conectar a minha API" library="ResourceAPI" type="SETUP">
<kw name="Create Session" library="RequestsLibrary">
<arg>FakeAPI</arg>
<arg>${URL_API}</arg>
<doc>Create Session: create a HTTP session to a server</doc>
<msg timestamp="20211123 21:35:02.502" level="INFO">Creating Session using : alias=FakeAPI, url=https://fakerestapi.azurewebsites.net/api/v1/, headers={},                     cookies={}, auth=None, timeout=None, proxies=None, verify=False,                     debug=0 </msg>
<status status="PASS" starttime="20211123 21:35:02.502" endtime="20211123 21:35:02.502"/>
</kw>
<kw name="Create Dictionary" library="BuiltIn">
<var>${HEADERS}</var>
<arg>content-type=application/json</arg>
<doc>Creates and returns a dictionary based on the given ``items``.</doc>
<msg timestamp="20211123 21:35:02.503" level="INFO">${HEADERS} = {'content-type': 'application/json'}</msg>
<status status="PASS" starttime="20211123 21:35:02.502" endtime="20211123 21:35:02.503"/>
</kw>
<kw name="Set Suite Variable" library="BuiltIn">
<arg>${HEADERS}</arg>
<doc>Makes a variable available everywhere within the scope of the current suite.</doc>
<msg timestamp="20211123 21:35:02.503" level="INFO">${HEADERS} = {'content-type': 'application/json'}</msg>
<status status="PASS" starttime="20211123 21:35:02.503" endtime="20211123 21:35:02.503"/>
</kw>
<status status="PASS" starttime="20211123 21:35:02.501" endtime="20211123 21:35:02.503"/>
</kw>
<test id="s1-t1" name="Buscar a listagem de todos os livros (GET em todos os livros)">
<kw name="Requisitar todos os livros" library="ResourceAPI">
<kw name="GET On Session" library="RequestsLibrary">
<var>${RESPOSTA}</var>
<arg>FakeAPI</arg>
<arg>Books</arg>
<doc>Sends a GET request on a previously created HTTP Session.</doc>
<msg timestamp="20211123 21:35:06.495" level="INFO">GET Request : url=https://fakerestapi.azurewebsites.net/api/v1/Books 
 path_url=/api/v1/Books 
 headers={'User-Agent': 'python-requests/2.26.0', 'Accept-Encoding': 'gzip, deflate', 'Accept': '*/*', 'Connection': 'keep-alive'} 
 body=None 
 </msg>
<msg timestamp="20211123 21:35:06.495" level="INFO">GET Response : url=https://fakerestapi.azurewebsites.net/api/v1/Books 
 status=200, reason=OK 
 headers={'Transfer-Encoding': 'chunked', 'Content-Type': 'application/json; charset=utf-8; v=1.0', 'Server': 'Kestrel', 'api-supported-versions': '1.0', 'Date': 'Wed, 24 Nov 2021 00:35:02 GMT'} 
 body=[{"id":1,"title":"Book 1","description":"Duo nonumy dolore tempor et clita euismod erat ut ipsum eos eirmod sed nobis consequat exerci amet dolore. Accusam sed eos tempor wisi. Nonumy vel luptatum nonumy. Lorem eos accusam. Sed sit eum. Ipsum suscipit dolore tincidunt eum erat gubergren dolores accusam augue lorem. Dolor est consetetur ea ipsum amet ut adipiscing eum voluptua.\n","pageCount":100,"excerpt":"Nonumy elit amet. Et ea consetetur. Et eros vel erat diam vel. Vero et diam lorem ut gubergren stet assum sadipscing erat. Et amet kasd sea ipsum et sea lorem. No erat gubergren blandit takimata ipsum amet sed at ut ipsum aliquyam eos. Iriure velit luptatum tation lorem. Feugait amet sanctus. Iriure lorem commodo eum sed at. Et aliquip et lorem erat ea. Magna ea gubergren labore at sadipscing aliquyam at praesent ipsum et at sit molestie. Esse ut duis eos minim eirmod ut lorem lorem labore dolore accusam erat feugait lorem consetetur sit magna. Et molestie no at amet dolor quod diam et ex dolore amet sed ipsum kasd. Placerat diam est et hendrerit takimata kasd est nulla adipiscing accusam duo et ea est dolore.\nSea in et et et voluptua duo erat sed labore sanctus et est mazim sit diam nibh. Amet ipsum et justo. Lorem aliquyam justo id at et delenit doming lorem aliquyam lorem sanctus. Augue laoreet sed diam lobortis et et iusto amet elitr nonummy sed amet autem voluptua dolor invidunt. Et eos accusam volutpat volutpat stet sit. Dolor diam vero at sadipscing est tempor ea voluptua sit stet.\nClita ipsum luptatum est et kasd feugiat laoreet voluptua iusto. Stet sed ipsum dolores magna elitr est imperdiet diam elitr. Eirmod amet sea lorem. Gubergren qui wisi takimata eirmod erat amet dolores in. Magna delenit ipsum dignissim invidunt et et dolores kasd sit ipsum et. Labore dolor esse takimata dignissim eirmod enim dignissim sit et velit aliquyam sanctus tempor ipsum nam. Sit lorem sed minim. Invidunt quod et sanctus lorem labore sed dolor ipsum justo diam invidunt amet clita dolore sadipscing quod feugiat eos. Ut in ipsum magna nulla diam takimata. Dolores et dolore elitr ipsum eos placerat sed enim. Ut magna sed amet at aliquyam ipsum sit nibh invidunt ut volutpat. Voluptua est dolor voluptua consectetuer et amet gubergren.\nLabore aliquyam mazim. Lorem diam voluptua et facilisis te aliquyam consetetur tincidunt. Vel et sea et sed.\nId ea invidunt sanctus invidunt kasd autem gubergren nulla takimata est elitr aliquyam. Ipsum sit amet enim takimata consequat et eos. Nulla commodo sit sit vero luptatum accusam erat dolore ut dignissim lobortis molestie nisl nonummy erat vel sed. Lorem eirmod at dolor et. Sit elit sed sed et ex takimata et est sit justo vero gubergren sadipscing kasd sadipscing sed. Eleifend qui ut justo facilisis sanctus velit est laoreet. Eos sanctus consequat duis vero dolores eos et magna magna kasd eos ipsum ipsum erat consetetur sed. Et qui duo vulputate gubergren nisl justo ex amet adipiscing lorem ut consetetur amet magna duo ad ipsum. Suscipit sit sadipscing justo diam. Stet no nonummy hendrerit volutpat dolore clita eu sit elit duo odio sed sit aliquyam magna nonumy. Gubergren erat erat eirmod dolore elitr sit. Ea illum dolore est volutpat. Nonumy eum vel nonumy sed rebum nobis takimata duo consequat diam eirmod dolor illum et. Dolore feugiat amet nostrud gubergren zzril et at sit vel sadipscing vel at. Rebum elit rebum erat magna.\n","publishDate":"2021-11-23T00:35:03.6019892+00:00"},{"id":2,"title":"Book 2","description":"In justo sed sit cum kasd sea tincidunt takimata delenit dolore invidunt dolore congue invidunt no. Takimata at dolor et magna invidunt lorem lorem magna aliquyam esse ipsum sed sed consequat dolor duo elitr est. No vero ipsum et dolore rebum. Gubergren eros veniam takimata feugait accusam sanctus consetetur vulputate lobortis clita nonumy ipsum clita aliquyam odio aliquyam ut nibh. Sit dolore nonumy magna takimata invidunt eirmod enim labore lobortis at dolore takimata ipsum consetetur sed hendrerit. Stet iriure invidunt cum gubergren ut diam invidunt. Nisl erat ipsum ullamcorper dolores magna dolore lorem sed molestie erat sit vero et sanctus no tempor. Erat lorem nulla et duo et sea gubergren ut sit et et luptatum vero magna erat. Possim magna consetetur sea. Sea ipsum et at sea lorem et exerci stet consetetur eos sed lorem eirmod gubergren diam kasd. Dolores takimata velit dolore eirmod est et. Amet vel lorem dolores. Et at volutpat sed eu voluptua dolore vero lobortis molestie sed labore. Amet ullamcorper tempor sed assum facilisi feugiat sit diam amet amet vulputate kasd amet ipsum ut laoreet ipsum. Dolor consectetuer zzril ea aliquip diam tincidunt dolor volutpat eum. In amet ipsum ipsum est aliquyam. Commodo sanctus voluptua takimata dolore autem takimata. Erat accusam ea no et magna. Sed tempor et nisl gubergren eleifend sit gubergren vulputate kasd ea augue illum.\n","pageCount":200,"excerpt":"Stet possim vero wisi accusam at tempor et nisl dolore et nonumy rebum. Clita no eos ipsum ea. Kasd dolor stet dignissim lorem consequat dolor vel sit luptatum ut sed eos sit takimata. Ut sadipscing kasd et et ipsum justo volutpat justo vero tempor tempor lorem dignissim nulla. Et voluptua takimata diam ipsum. Kasd nonumy consetetur velit amet dolor vel stet commodo duo ea diam. Aliquyam esse et ullamcorper duo vulputate illum sit kasd erat gubergren amet at ut accusam dolore. Diam possim diam sed ea est. Diam dolor dolores eirmod diam kasd.\nTempor aliquyam eum. Duo praesent diam imperdiet ea et amet no sit invidunt aliquam ad dolore sit invidunt sed vel. Nibh ea dolore consetetur aliquam ea suscipit duis kasd sit kasd tempor eos rebum eum consetetur dolor rebum sit. Sanctus nostrud ea. Ut lorem sit iusto amet diam ut diam duis sed lorem diam. Diam dolore vero eirmod sanctus no praesent lorem rebum stet sanctus et volutpat et iusto sed.\nRebum sit velit iusto ea diam tempor. Accusam sadipscing et ullamcorper ea feugait ea lorem takimata dolore voluptua lorem lorem. Et et hendrerit sed amet odio sed justo ipsum. Sadipscing nonummy diam diam hendrerit. Amet sea dolor facer eirmod euismod aliquyam eos ipsum wisi sit wisi. Nonumy dolor lorem eirmod erat ea et aliquyam et et lorem facilisi dolor tincidunt at minim takimata qui. Sea velit dolore duis invidunt no zzril sed et ipsum sadipscing aliquyam justo amet sanctus. Gubergren augue consetetur iriure erat at ullamcorper. Diam dolore et ut sit eirmod nulla et sit enim te. Nulla lorem stet vero vel diam consequat duis et facer elit. Et diam magna dolor erat nonumy diam amet et nisl sea zzril.\nDiam magna doming sit labore invidunt soluta eos sanctus. Sit lorem dolore ut laoreet gubergren. Justo diam assum dolore vero nibh vulputate nulla takimata feugiat voluptua gubergren tempor nonumy illum. Duo tempor illum sit magna nisl consetetur kasd dolor et.\nNo facilisi eirmod gubergren takimata consetetur exerci accumsan. Est consequat vero est dignissim diam ut in et duo duis justo elitr ea. Sanctus in rebum augue zzril tincidunt ut invidunt dolor et voluptua et hendrerit luptatum ipsum. Accusam et sed clita est sed aliquyam kasd. Praesent et voluptua ipsum sed. Labore vero et ipsum delenit magna kasd. Nostrud ipsum lorem et labore consequat clita tempor voluptua et tempor laoreet aliquyam sit lorem elitr nihil. Justo justo stet nulla commodo consectetuer vero nonumy nonumy sanctus nulla nihil labore. Kasd delenit imperdiet ipsum takimata est sit duis amet.\n","publishDate":"2021-11-22T00:35:03.6020599+00:00"},{"id":3,"title":"Book 3","description":"Est doming et nisl labore et dolore accumsan dolores kasd elitr no est nulla luptatum vel facilisis consetetur. Dolor consequat ad diam minim consequat et est. In dolor in vulputate dolores. Nihil tempor eos vel sanctus dolores dolor eos tempor illum duo. Iriure invidunt vero tempor ut invidunt dolor vero delenit sanctus stet est ipsum nibh. Sit dolore lorem diam eos sit nulla labore at takimata sadipscing aliquyam. Quod tincidunt nibh stet nihil amet erat ipsum dolore lorem aliquip est. Sadipscing lorem sed vero blandit dolore consetetur. Amet diam eirmod clita quis eirmod et. Eum duo laoreet ipsum justo commodo sed vero amet elitr laoreet luptatum wisi dolor ea ad. Facilisis iusto suscipit sadipscing esse laoreet clita amet iusto hendrerit sit takimata qui et.\n","pageCount":300,"excerpt":"Illum labore erat dolore takimata lorem consetetur no dolor vero voluptua sed at invidunt labore takimata sadipscing diam. Ea consetetur sed sea. Kasd ipsum nobis sanctus euismod et lorem elitr te aliquip vel praesent est dolore.\nDolor ea enim ea eirmod praesent invidunt suscipit sadipscing diam consectetuer mazim et dolor. Eum diam justo ipsum lorem. Eirmod dolor nonummy sea ut. Eos hendrerit enim dolor kasd eu. Et feugiat iriure dolore erat feugait consectetuer dolor feugiat. Sanctus takimata sea rebum et labore diam invidunt tincidunt vero in est illum tempor. Ipsum ipsum clita et feugait voluptua dignissim at diam at. Delenit labore diam amet eirmod sanctus at est accusam dolor te eos sed. In dolore ipsum voluptua invidunt sit dolor sea est rebum gubergren vero magna et eirmod consequat. Magna aliquyam at. Dolore autem diam tempor elit ipsum nulla et lobortis assum. Stet lorem dolore dolore sit dolores sed sea erat est. Diam ut aliquyam et ipsum et justo et facilisis labore adipiscing vero lorem nonumy liber diam. Dolor possim sed erat amet ut invidunt dolore diam doming ipsum consectetuer.\nSit ea feugiat justo consequat sanctus eos sit te ea labore at. Odio diam facilisis et iriure sed accusam takimata nonumy rebum dolore. Et consetetur diam aliquyam aliquyam. Nam est odio esse at in lorem no amet duis takimata sed iriure labore et accumsan labore at autem. Lobortis est ipsum at diam dolor dolore nisl ad clita rebum ea voluptua lorem sed et nonumy dolore. Et wisi erat sed sadipscing et kasd diam dolore rebum consetetur at soluta ex dolore. Ut sit dolor dolore est at ea augue eirmod et s... (set the log level to DEBUG or TRACE to see the full content) 
 </msg>
<msg timestamp="20211123 21:35:06.496" level="INFO">C:\Users\patri\AppData\Local\Programs\Python\Python39\lib\site-packages\urllib3\connectionpool.py:1013: InsecureRequestWarning: Unverified HTTPS request is being made to host 'fakerestapi.azurewebsites.net'. Adding certificate verification is strongly advised. See: https://urllib3.readthedocs.io/en/1.26.x/advanced-usage.html#ssl-warnings
  warnings.warn(</msg>
<msg timestamp="20211123 21:35:06.496" level="INFO">${RESPOSTA} = &lt;Response [200]&gt;</msg>
<status status="PASS" starttime="20211123 21:35:02.504" endtime="20211123 21:35:06.496"/>
</kw>
<kw name="Log" library="BuiltIn">
<arg>${RESPOSTA.text}</arg>
<doc>Logs the given message with the given level.</doc>
<msg timestamp="20211123 21:35:06.501" level="INFO">[{"id":1,"title":"Book 1","description":"Duo nonumy dolore tempor et clita euismod erat ut ipsum eos eirmod sed nobis consequat exerci amet dolore. Accusam sed eos tempor wisi. Nonumy vel luptatum nonumy. Lorem eos accusam. Sed sit eum. Ipsum suscipit dolore tincidunt eum erat gubergren dolores accusam augue lorem. Dolor est consetetur ea ipsum amet ut adipiscing eum voluptua.\n","pageCount":100,"excerpt":"Nonumy elit amet. Et ea consetetur. Et eros vel erat diam vel. Vero et diam lorem ut gubergren stet assum sadipscing erat. Et amet kasd sea ipsum et sea lorem. No erat gubergren blandit takimata ipsum amet sed at ut ipsum aliquyam eos. Iriure velit luptatum tation lorem. Feugait amet sanctus. Iriure lorem commodo eum sed at. Et aliquip et lorem erat ea. Magna ea gubergren labore at sadipscing aliquyam at praesent ipsum et at sit molestie. Esse ut duis eos minim eirmod ut lorem lorem labore dolore accusam erat feugait lorem consetetur sit magna. Et molestie no at amet dolor quod diam et ex dolore amet sed ipsum kasd. Placerat diam est et hendrerit takimata kasd est nulla adipiscing accusam duo et ea est dolore.\nSea in et et et voluptua duo erat sed labore sanctus et est mazim sit diam nibh. Amet ipsum et justo. Lorem aliquyam justo id at et delenit doming lorem aliquyam lorem sanctus. Augue laoreet sed diam lobortis et et iusto amet elitr nonummy sed amet autem voluptua dolor invidunt. Et eos accusam volutpat volutpat stet sit. Dolor diam vero at sadipscing est tempor ea voluptua sit stet.\nClita ipsum luptatum est et kasd feugiat laoreet voluptua iusto. Stet sed ipsum dolores magna elitr est imperdiet diam elitr. Eirmod amet sea lorem. Gubergren qui wisi takimata eirmod erat amet dolores in. Magna delenit ipsum dignissim invidunt et et dolores kasd sit ipsum et. Labore dolor esse takimata dignissim eirmod enim dignissim sit et velit aliquyam sanctus tempor ipsum nam. Sit lorem sed minim. Invidunt quod et sanctus lorem labore sed dolor ipsum justo diam invidunt amet clita dolore sadipscing quod feugiat eos. Ut in ipsum magna nulla diam takimata. Dolores et dolore elitr ipsum eos placerat sed enim. Ut magna sed amet at aliquyam ipsum sit nibh invidunt ut volutpat. Voluptua est dolor voluptua consectetuer et amet gubergren.\nLabore aliquyam mazim. Lorem diam voluptua et facilisis te aliquyam consetetur tincidunt. Vel et sea et sed.\nId ea invidunt sanctus invidunt kasd autem gubergren nulla takimata est elitr aliquyam. Ipsum sit amet enim takimata consequat et eos. Nulla commodo sit sit vero luptatum accusam erat dolore ut dignissim lobortis molestie nisl nonummy erat vel sed. Lorem eirmod at dolor et. Sit elit sed sed et ex takimata et est sit justo vero gubergren sadipscing kasd sadipscing sed. Eleifend qui ut justo facilisis sanctus velit est laoreet. Eos sanctus consequat duis vero dolores eos et magna magna kasd eos ipsum ipsum erat consetetur sed. Et qui duo vulputate gubergren nisl justo ex amet adipiscing lorem ut consetetur amet magna duo ad ipsum. Suscipit sit sadipscing justo diam. Stet no nonummy hendrerit volutpat dolore clita eu sit elit duo odio sed sit aliquyam magna nonumy. Gubergren erat erat eirmod dolore elitr sit. Ea illum dolore est volutpat. Nonumy eum vel nonumy sed rebum nobis takimata duo consequat diam eirmod dolor illum et. Dolore feugiat amet nostrud gubergren zzril et at sit vel sadipscing vel at. Rebum elit rebum erat magna.\n","publishDate":"2021-11-23T00:35:03.6019892+00:00"},{"id":2,"title":"Book 2","description":"In justo sed sit cum kasd sea tincidunt takimata delenit dolore invidunt dolore congue invidunt no. Takimata at dolor et magna invidunt lorem lorem magna aliquyam esse ipsum sed sed consequat dolor duo elitr est. No vero ipsum et dolore rebum. Gubergren eros veniam takimata feugait accusam sanctus consetetur vulputate lobortis clita nonumy ipsum clita aliquyam odio aliquyam ut nibh. Sit dolore nonumy magna takimata invidunt eirmod enim labore lobortis at dolore takimata ipsum consetetur sed hendrerit. Stet iriure invidunt cum gubergren ut diam invidunt. Nisl erat ipsum ullamcorper dolores magna dolore lorem sed molestie erat sit vero et sanctus no tempor. Erat lorem nulla et duo et sea gubergren ut sit et et luptatum vero magna erat. Possim magna consetetur sea. Sea ipsum et at sea lorem et exerci stet consetetur eos sed lorem eirmod gubergren diam kasd. Dolores takimata velit dolore eirmod est et. Amet vel lorem dolores. Et at volutpat sed eu voluptua dolore vero lobortis molestie sed labore. Amet ullamcorper tempor sed assum facilisi feugiat sit diam amet amet vulputate kasd amet ipsum ut laoreet ipsum. Dolor consectetuer zzril ea aliquip diam tincidunt dolor volutpat eum. In amet ipsum ipsum est aliquyam. Commodo sanctus voluptua takimata dolore autem takimata. Erat accusam ea no et magna. Sed tempor et nisl gubergren eleifend sit gubergren vulputate kasd ea augue illum.\n","pageCount":200,"excerpt":"Stet possim vero wisi accusam at tempor et nisl dolore et nonumy rebum. Clita no eos ipsum ea. Kasd dolor stet dignissim lorem consequat dolor vel sit luptatum ut sed eos sit takimata. Ut sadipscing kasd et et ipsum justo volutpat justo vero tempor tempor lorem dignissim nulla. Et voluptua takimata diam ipsum. Kasd nonumy consetetur velit amet dolor vel stet commodo duo ea diam. Aliquyam esse et ullamcorper duo vulputate illum sit kasd erat gubergren amet at ut accusam dolore. Diam possim diam sed ea est. Diam dolor dolores eirmod diam kasd.\nTempor aliquyam eum. Duo praesent diam imperdiet ea et amet no sit invidunt aliquam ad dolore sit invidunt sed vel. Nibh ea dolore consetetur aliquam ea suscipit duis kasd sit kasd tempor eos rebum eum consetetur dolor rebum sit. Sanctus nostrud ea. Ut lorem sit iusto amet diam ut diam duis sed lorem diam. Diam dolore vero eirmod sanctus no praesent lorem rebum stet sanctus et volutpat et iusto sed.\nRebum sit velit iusto ea diam tempor. Accusam sadipscing et ullamcorper ea feugait ea lorem takimata dolore voluptua lorem lorem. Et et hendrerit sed amet odio sed justo ipsum. Sadipscing nonummy diam diam hendrerit. Amet sea dolor facer eirmod euismod aliquyam eos ipsum wisi sit wisi. Nonumy dolor lorem eirmod erat ea et aliquyam et et lorem facilisi dolor tincidunt at minim takimata qui. Sea velit dolore duis invidunt no zzril sed et ipsum sadipscing aliquyam justo amet sanctus. Gubergren augue consetetur iriure erat at ullamcorper. Diam dolore et ut sit eirmod nulla et sit enim te. Nulla lorem stet vero vel diam consequat duis et facer elit. Et diam magna dolor erat nonumy diam amet et nisl sea zzril.\nDiam magna doming sit labore invidunt soluta eos sanctus. Sit lorem dolore ut laoreet gubergren. Justo diam assum dolore vero nibh vulputate nulla takimata feugiat voluptua gubergren tempor nonumy illum. Duo tempor illum sit magna nisl consetetur kasd dolor et.\nNo facilisi eirmod gubergren takimata consetetur exerci accumsan. Est consequat vero est dignissim diam ut in et duo duis justo elitr ea. Sanctus in rebum augue zzril tincidunt ut invidunt dolor et voluptua et hendrerit luptatum ipsum. Accusam et sed clita est sed aliquyam kasd. Praesent et voluptua ipsum sed. Labore vero et ipsum delenit magna kasd. Nostrud ipsum lorem et labore consequat clita tempor voluptua et tempor laoreet aliquyam sit lorem elitr nihil. Justo justo stet nulla commodo consectetuer vero nonumy nonumy sanctus nulla nihil labore. Kasd delenit imperdiet ipsum takimata est sit duis amet.\n","publishDate":"2021-11-22T00:35:03.6020599+00:00"},{"id":3,"title":"Book 3","description":"Est doming et nisl labore et dolore accumsan dolores kasd elitr no est nulla luptatum vel facilisis consetetur. Dolor consequat ad diam minim consequat et est. In dolor in vulputate dolores. Nihil tempor eos vel sanctus dolores dolor eos tempor illum duo. Iriure invidunt vero tempor ut invidunt dolor vero delenit sanctus stet est ipsum nibh. Sit dolore lorem diam eos sit nulla labore at takimata sadipscing aliquyam. Quod tincidunt nibh stet nihil amet erat ipsum dolore lorem aliquip est. Sadipscing lorem sed vero blandit dolore consetetur. Amet diam eirmod clita quis eirmod et. Eum duo laoreet ipsum justo commodo sed vero amet elitr laoreet luptatum wisi dolor ea ad. Facilisis iusto suscipit sadipscing esse laoreet clita amet iusto hendrerit sit takimata qui et.\n","pageCount":300,"excerpt":"Illum labore erat dolore takimata lorem consetetur no dolor vero voluptua sed at invidunt labore takimata sadipscing diam. Ea consetetur sed sea. Kasd ipsum nobis sanctus euismod et lorem elitr te aliquip vel praesent est dolore.\nDolor ea enim ea eirmod praesent invidunt suscipit sadipscing diam consectetuer mazim et dolor. Eum diam justo ipsum lorem. Eirmod dolor nonummy sea ut. Eos hendrerit enim dolor kasd eu. Et feugiat iriure dolore erat feugait consectetuer dolor feugiat. Sanctus takimata sea rebum et labore diam invidunt tincidunt vero in est illum tempor. Ipsum ipsum clita et feugait voluptua dignissim at diam at. Delenit labore diam amet eirmod sanctus at est accusam dolor te eos sed. In dolore ipsum voluptua invidunt sit dolor sea est rebum gubergren vero magna et eirmod consequat. Magna aliquyam at. Dolore autem diam tempor elit ipsum nulla et lobortis assum. Stet lorem dolore dolore sit dolores sed sea erat est. Diam ut aliquyam et ipsum et justo et facilisis labore adipiscing vero lorem nonumy liber diam. Dolor possim sed erat amet ut invidunt dolore diam doming ipsum consectetuer.\nSit ea feugiat justo consequat sanctus eos sit te ea labore at. Odio diam facilisis et iriure sed accusam takimata nonumy rebum dolore. Et consetetur diam aliquyam aliquyam. Nam est odio esse at in lorem no amet duis takimata sed iriure labore et accumsan labore at autem. Lobortis est ipsum at diam dolor dolore nisl ad clita rebum ea voluptua lorem sed et nonumy dolore. Et wisi erat sed sadipscing et kasd diam dolore rebum consetetur at soluta ex dolore. Ut sit dolor dolore est at ea augue eirmod et sed facilisi et.\nUt dolor euismod at eos invidunt sadipscing facilisis elitr. Ut sanctus nonumy lorem nobis kasd erat diam accusam dolore dignissim in blandit. Consetetur et sea diam sed elitr lorem takimata voluptua ea sea diam vero sanctus in sed no hendrerit lorem. Et qui magna consetetur est et sed ea sea at consetetur elitr et wisi dolor diam sed lorem ipsum. Elitr sed labore ut amet vero. Justo erat option. Lorem eirmod zzril diam exerci ipsum vel duo est clita. Enim diam et et sed diam dolore sit minim sanctus tempor. Kasd veniam ut eos ea aliquyam ut veniam est no no veniam eirmod tempor sed nisl tempor dolore. Ipsum accusam lorem dolore at tempor consequat sit vel invidunt at eirmod nihil erat blandit justo vel. Erat gubergren tempor et et ea eos justo. Erat sed nibh eum et magna accusam et lorem sanctus ea feugiat tempor dolor labore accusam. Vero iusto nulla dolor aliquam duo magna et nulla. Magna diam qui euismod tempor.\nDuo sanctus dolor clita sed laoreet ut sed cum augue dolor erat in magna ipsum duo eum. Dolor esse dolore at facilisi stet quis sea consectetuer suscipit ad nihil. Sed et elitr commodo erat justo clita lorem magna ipsum. Ea dignissim labore esse amet nobis tempor no nonumy lorem ut dolor ullamcorper vulputate. Justo sit dignissim sadipscing duo at takimata amet justo takimata ut vel at lorem blandit laoreet accusam. Aliquyam nostrud invidunt facilisis esse sea. Et cum accumsan. Tempor et ut diam erat dolor amet erat eirmod invidunt nobis. Liber ea magna lorem. Ut kasd nonumy option. Dolores diam stet stet quod rebum duis stet volutpat no. Magna dolore odio lorem consequat amet dolor sea consetetur et lorem erat qui amet option. No diam stet nulla nisl amet. Molestie no ea dolores laoreet dolor ex. Labore elitr exerci dolore iusto sed erat. Nisl no magna diam et erat eos diam eum sadipscing elitr lorem invidunt eos esse stet. Ipsum lorem facer accusam erat commodo sanctus. Dolor elit est sadipscing erat. Sit ullamcorper no.\n","publishDate":"2021-11-21T00:35:03.6021352+00:00"},{"id":4,"title":"Book 4","description":"Odio dolore magna eirmod autem. Accusam diam magna stet et kasd takimata stet nonumy velit sed sed. At erat esse sit vero labore diam dolores sit dolores amet sed sea luptatum consequat diam. Velit facilisis sit sit sea et iusto aliquyam dolores vero commodo aliquyam erat nonumy dolores nonummy vel feugiat. Et sanctus ullamcorper lorem blandit accusam no minim euismod ut dolor consetetur. Erat invidunt stet lorem et nonummy odio no et ut takimata imperdiet ipsum et. Sed sed dolore autem ut. Sadipscing voluptua erat voluptua duis stet et nulla consetetur sit possim clita no nibh consetetur sit dolores. Et gubergren sed duo iriure ex. Accusam lorem elitr elit eleifend. Elit no sanctus feugiat sadipscing. Accumsan sanctus dolor et dolore accusam volutpat velit labore nonumy augue placerat voluptua kasd. Diam at accusam ut magna commodo dolor et stet at in stet. Sanctus cum ipsum. Sit at consetetur voluptua elit nisl sit ipsum gubergren ea accumsan ea est justo eos diam dolores dolor. Ut accusam erat sadipscing.\n","pageCount":400,"excerpt":"Eirmod dolore diam in ut facilisis option tempor wisi in kasd et diam dolor diam voluptua gubergren. Molestie vero gubergren. Accusam justo eos id lorem ut dolores sed et amet tempor sit kasd accumsan est takimata sit ipsum gubergren. Nonumy erat euismod eos sed est augue. Dolor elitr sed clita lorem erat kasd lorem dolores dolore vulputate erat ea molestie blandit ut erat ea tempor. Accusam ipsum assum magna duo vel justo. Stet aliquam lorem amet takimata sea labore autem sed at iriure dolore enim qui invidunt clita nostrud no. Stet et gubergren consetetur eros dolores ea eirmod no dolor ipsum stet. Dolore justo sed gubergren sed diam eos kasd nisl justo at est at sanctus labore qui aliquyam. Invidunt lorem ut dolore iriure ipsum at imperdiet dolore sed et nulla gubergren sadipscing nonummy. Est autem in takimata at esse dolor dolor dolores kasd labore diam ea clita. Eirmod aliquyam justo kasd at sanctus sed vero. Sea amet takimata luptatum elitr kasd no et elitr diam vel et.\nKasd autem nonummy labore ea ipsum aliquam justo sea accusam quod et dolor nostrud dolore ullamcorper consetetur facilisis eirmod. Lorem sed aliquyam vero consetetur takimata dolor dolor dolor sed diam sea sit takimata. Erat minim eos rebum lorem eirmod eirmod nonumy consequat vero at. Volutpat amet invidunt zzril tempor aliquam suscipit vero accusam labore accusam invidunt. Sit ad et et consetetur illum in nonumy dolor labore sadipscing odio duis dolores dolores kasd dolor consetetur sit.\nUt sit kasd duis illum takimata diam et in consequat. Erat sanctus ipsum diam dolores sanctus vero takimata. Eum ut dolores sadipscing. Zzril ipsum nonumy. Dolor vulputate et invidunt molestie amet nulla kasd est consetetur sed congue vulputate consectetuer. Stet lorem odio delenit diam iriure feugiat esse clita eleifend lorem diam ut justo. Justo est sit invidunt invidunt et consequat. Diam laoreet nostrud est labore et aliquyam takimata. Et iriure vulputate sed sadipscing nam kasd. Ut invidunt nonummy est ut clita amet elitr ipsum voluptua. Duis ipsum sit eu. Sed amet elitr amet nonumy duis dolor dolore sadipscing ea.\nSit diam at sed diam lorem congue dolores consetetur gubergren sanctus te delenit delenit et diam invidunt iriure. Nisl ipsum sanctus aliquam nostrud. Gubergren nostrud no et amet erat accusam vero est nulla et. Elitr iusto erat autem ea elitr aliquyam consetetur ex eos voluptua rebum clita sed. Ex sed elitr at et aliquyam duo magna laoreet velit. Dolore dolore ut dolore accumsan labore in tation dolore nonumy ea vero dolore. Assum ipsum ea eirmod velit delenit. Ipsum dolore possim consetetur clita takimata duo accusam sed. Elitr sadipscing dolor no. No volutpat dolore elitr et lorem gubergren tincidunt ut. No quod esse sed ipsum dolor. Voluptua duo consequat sit rebum eirmod kasd doming vero ipsum sed ipsum laoreet feugiat aliquyam takimata. Sadipscing wisi magna. Sanctus dolore quod ipsum lorem accusam lorem rebum nibh sadipscing tempor ipsum molestie duo labore.\nConsetetur eu dignissim veniam sit invidunt justo nibh. Sadipscing facilisis invidunt et labore nisl est sed justo. Lorem lorem kasd dolores sea diam minim hendrerit lorem sit labore vel aliquyam amet invidunt amet invidunt. Delenit at labore dolore sea eos sed ut nostrud sed no amet sadipscing ullamcorper ipsum sanctus sea volutpat.\n","publishDate":"2021-11-20T00:35:03.6022044+00:00"},{"id":5,"title":"Book 5","description":"Sed et eos in ea consetetur duis stet erat vero veniam. Dignissim dolor dolore. Diam lorem sed tempor nonumy. Justo dolore autem eirmod sea sadipscing zzril eos eirmod takimata ea.\n","pageCount":500,"excerpt":"Feugiat ea diam vero ipsum kasd dolore vulputate ipsum invidunt at veniam elitr sea tempor. In facilisis diam et sed rebum takimata consetetur diam tempor vulputate delenit amet est dignissim et erat eros sit. Erat vero diam diam invidunt in et dolore eos sea. Dolore nostrud takimata iriure lorem ut duo. Ad kasd amet. Sed in labore facilisis. Minim sanctus consequat amet quis vel qui tempor duis liber eirmod sit. Voluptua et justo lorem suscipit tempor. Gubergren diam dolore gubergren dolor justo. Vel facilisis dolore nisl diam lorem eu.\nFacer ut in duo esse elitr. Sit ex ea dolore ut clita erat sea. Dolor eos lobortis sed ipsum nibh liber sed dolor et kasd dolores ipsum sadipscing invidunt dolores dolor. Ipsum duo et duo justo ipsum lorem diam at ipsum tempor magna ipsum ipsum. Et quod no gubergren invidunt et rebum. Amet sea ad erat enim consetetur. Erat et voluptua at ea nonumy et. Velit accusam cum. Dolor elitr accusam delenit molestie feugiat sed dignissim justo sed sanctus est labore. Nonumy et feugiat dolore diam vero doming delenit ea lorem est erat consequat sit amet delenit.\nDignissim commodo clita. Sed te erat elit elitr at voluptua dolor no ipsum. Consequat sit sanctus aliquam justo. Elit invidunt accusam eos amet. Sadipscing lorem sea eum est elitr duo. Aliquip stet nobis eirmod illum iriure facer consequat et. Gubergren amet duo sed dolore sit sanctus amet vel vero at magna te eu.\nAliquip sit et duis odio euismod sed est dolores stet labore duo amet iriure sadipscing erat ut rebum laoreet. Consetetur dolor amet sea eirmod te lorem consetetur gubergren nonumy te duo. Dolore tempor takimata enim et consequat iusto lorem erat diam vulputate et tempor nonumy diam rebum nonumy rebum imperdiet. Iusto et ex labore. Sit diam tempor dolor quis clita ex amet sea. Vero diam magna delenit sanctus ipsum accusam et kasd clita iriure amet lorem luptatum magna dolore sadipscing ipsum kasd. Elitr duo et vero quod no vel vero option clita labore illum. Sea dolores autem ipsum. Ea est soluta gubergren sea. Dolor amet duis est dolores consectetuer duo suscipit nonumy volutpat at vulputate wisi vero. Ipsum esse vel illum lorem erat takimata dolore eirmod sit cum ut quod clita sanctus ipsum luptatum consetetur esse. Augue magna ea takimata duo. Dolor erat sadipscing invidunt. Aliquyam eos erat et eirmod et voluptua sea tempor sed. Sea dignissim consectetuer consequat consetetur hendrerit amet dolore gubergren et aliquyam dolore sadipscing et. Et luptatum sanctus zzril consequat sed consequat diam iusto kasd nulla sit sit labore nonumy ut sea dolore. Vero dolor hendrerit assum volutpat dolor et amet elitr ipsum amet liber lobortis. Gubergren aliquyam erat dolor duis. Et iusto nulla gubergren diam veniam.\nDuis lorem amet et accumsan lorem ipsum autem dolore sed tation kasd duo dolore. Eros erat et consetetur dolor nisl ipsum nibh vel delenit eum. Justo erat sed invidunt ipsum sadipscing dolor iriure et ipsum erat sit eleifend. Et magna dolores rebum nobis. Et consetetur est vero augue est vel erat sit. Illum et sed nobis nihil zzril ea at aliquip duo. Voluptua nam sed hendrerit in euismod aliquyam nonummy in ad duo rebum dolore nonumy voluptua at. Laoreet et luptatum duo zzril dolore et molestie duo ipsum et sed. At gubergren eu.\n","publishDate":"2021-11-19T00:35:03.6022666+00:00"},{"id":6,"title":"Book 6","description":"Ullamcorper feugiat autem et eros. Et justo sit stet sanctus sit sit et ipsum no labore eirmod accusam dolor placerat vero aliquam. Vero nibh et hendrerit nibh. Elitr lorem erat sed justo rebum kasd soluta ipsum kasd ut gubergren diam nulla eum et erat. Aliquam ipsum lorem facilisi sit nulla aliquyam eirmod stet hendrerit sit dolore labore nostrud at sea et clita. Duo dolore kasd lorem dignissim ut gubergren dolores magna et elitr dolor ipsum no no justo vero. Ut lorem erat diam liber dolores justo ullamcorper suscipit sed sed magna erat voluptua nulla clita qui gubergren no. Duo sed dolore quis vero clita accusam rebum sadipscing vero vero nulla dolor vero magna feugait stet sed feugiat. Aliquyam dolore takimata consequat id duo quis justo dolores sed invidunt amet kasd et elit. Dolor qui et sadipscing sit magna rebum vel et. Aliquyam lobortis consequat tempor ipsum diam aliquyam dolor. Invidunt labore ut.\n","pageCount":600,"excerpt":"Sit ut imperdiet invidunt. Vero sit dolor at elitr sanctus consetetur. Iusto et at justo sed adipiscing gubergren nisl takimata labore aliquyam sadipscing consequat et ea duis congue amet duo.\nSed amet diam. Dolores sit dolor sit nonumy sadipscing magna dolor sed facilisis eu praesent dolores diam nonumy est nonumy amet dolores. No ea lorem dolore autem iriure ut aliquam. Accusam magna accusam lorem sed eos esse sea dolor dolore sed lorem. Ut nostrud gubergren dolore magna duo aliquyam elit iusto et at feugiat duo. Elitr accusam ex wisi sit voluptua ipsum sea amet.\nSed iusto aliquam dolor diam labore voluptua et accusam autem sed amet luptatum ipsum. In in dolores dolor facilisis et eos sanctus sadipscing invidunt dolores sed sed dolor vero stet blandit odio. Et amet voluptua consequat ea clita dolor. Ipsum duo et ullamcorper ipsum lorem ipsum dolore tation. Sadipscing et adipiscing tempor dolore stet gubergren et takimata ipsum gubergren diam sit ut. Dolor sadipscing tempor dolor nonumy ipsum. Dolore gubergren at. Facilisis ea ad hendrerit autem. Vel laoreet et vel dolores justo rebum. Nibh lorem est dolor clita ut duo at tincidunt sit sea clita ea duo sed lorem rebum et sanctus.\nAt at consectetuer duo. Dolor ipsum sit sed ut ut diam diam feugiat. Ut ut vero nulla aliquip dolor et.\nMolestie consetetur sit consetetur odio accusam sed et justo voluptua dolor vero elitr. Wisi aliquyam ipsum vero ea et lorem accusam consetetur molestie dolore justo feugiat commodo sit. Ex et rebum dolores aliquyam voluptua erat lorem consequat takimata sea ad accusam aliquyam. Nulla tation luptatum diam lorem luptatum amet elitr. Kasd magna lorem ad stet ea vero lorem eirmod nibh dolor. Consetetur sed vero tempor nostrud lorem dolor iriure no sanctus vel aliquyam eirmod esse tempor at ut dolores. Nostrud commodo diam diam lorem voluptua dolores sed amet. Ut in quis lobortis nulla vel et sea dolor iriure praesent erat lorem invidunt est. Justo at at gubergren ipsum sed hendrerit eirmod magna iriure sanctus labore vero amet at sea. Erat amet augue voluptua in commodo.\n","publishDate":"2021-11-18T00:35:03.6023163+00:00"},{"id":7,"title":"Book 7","description":"Velit kasd aliquam diam diam. Sit ut justo ullamcorper no et lobortis magna consequat. Et laoreet clita nibh invidunt invidunt sit liber sea qui ut invidunt gubergren est dolor. Ut nisl adipiscing. Dolores dolor sed sit sanctus option ut. Lorem elitr nonumy dolor rebum et erat rebum ipsum autem et consequat. Dolores et voluptua sadipscing ea sadipscing delenit no magna magna sit illum tempor. Et adipiscing et magna suscipit et soluta diam ea sea et. Ut dolor eu gubergren tempor elit magna duo adipiscing ea qui ipsum sed sanctus sanctus lorem. Kasd nonumy rebum diam accusam erat ea dignissim dolor eirmod molestie clita. Sit dolor est in takimata. Vel in amet dolore dolor lorem justo sanctus magna stet dolore amet sadipscing dolore. Ipsum erat id nonumy ipsum vero. Diam vero labore ea nam nonumy diam accusam eu erat magna. No diam dolores sadipscing amet sea dolor duo et.\n","pageCount":700,"excerpt":"Et elitr congue diam dolor qui. Consequat gubergren vero at consequat est sit. Magna aliquyam delenit gubergren dolore lorem duo eu eos consetetur tempor invidunt. Accusam dolor est invidunt duo sea amet diam sea amet et ipsum et ipsum et et. Amet elit elitr eirmod. Accusam dolore vero at ea sit at voluptua erat sed praesent autem minim. Sit nulla consequat dolor magna et vero magna et. Gubergren duo commodo consetetur.\nEt amet amet augue et dolor stet eros eos et facilisis. Possim sea tempor doming est sanctus. Consetetur clita gubergren possim lorem dolor diam elitr dolores kasd dolor invidunt duo dignissim dolore ut ut sit ipsum. Lorem aliquyam iusto eos aliquip odio elitr ullamcorper labore accusam dolore erat elitr nonumy. Ut elitr ut esse clita esse diam sit eu et aliquyam amet clita consetetur sanctus magna consetetur. Et et rebum sed sadipscing ut et sed et ipsum facilisis ad. Sadipscing sit feugait diam clita lorem elit consequat est et et sea dolor. Gubergren magna aliquyam ea at. Facer diam duo dolore wisi ipsum esse aliquam invidunt clita vero volutpat stet ad tempor et. Lorem consetetur dolore stet volutpat kasd et aliquyam stet placerat sit. Erat justo tempor takimata feugiat et dolores. Nonummy quod rebum aliquyam clita amet tempor molestie esse commodo accusam dolor amet diam voluptua accusam takimata no et.\nSit commodo voluptua quod hendrerit laoreet amet. Kasd ipsum lorem et eirmod elitr aliquyam congue volutpat dolor ut accumsan lorem quis labore. Consetetur ut consectetuer consetetur et ipsum justo clita sit consetetur eros sed nonumy.\nGubergren ex rebum vero amet sanctus dolore vero dolor aliquyam elitr et tation ut gubergren. Voluptua sit sanctus lorem consetetur nonumy. Lorem clita ut invidunt ipsum vero ut aliquyam quis. Praesent tation et vel invidunt. Ea amet sadipscing amet ad hendrerit mazim nulla sed nostrud tincidunt lorem suscipit et est.\nErat consetetur kasd sadipscing et nihil dolore sit quis magna vulputate nonumy sadipscing nonumy ut dolore. Sed est amet diam clita iriure nonumy esse sea in eirmod magna veniam nulla clita nam in elitr diam. Sit duis autem stet lorem. Eros duo lorem lobortis accusam in et vel sed sit gubergren rebum dolores gubergren eos invidunt clita justo elitr. Amet eos dolor sit dolor duis consetetur et elit dolor at tempor sed sea labore dignissim dolor laoreet. Eu tincidunt dolores invidunt kasd consequat diam at. Diam eos sit sed velit erat no labore in eos. Hendrerit sit dolor stet exerci kasd vero laoreet no dolore. Voluptua nonumy dolor quis kasd sed tempor invidunt lorem voluptua dolore volutpat. Exerci dolor clita ea kasd lorem feugiat magna quod accusam ea lobortis no lorem accumsan. Eos iusto et gubergren eirmod minim sit magna erat vulputate rebum invidunt eirmod erat in accusam te eirmod. Lorem ad eros dolore gubergren sit accusam et duo dolore takimata dolor et sit dolor. Eirmod sanctus quis voluptua sit sit elit dolore eum cum erat voluptua at. Sadipscing consetetur accusam et sadipscing dolor dolor clita est elitr ipsum dolor tempor adipiscing eos esse. Nonumy ipsum justo lorem sed amet clita et ipsum. Invidunt duo at diam stet no esse eirmod clita option no ipsum illum cum diam dolor justo. Lorem facilisi sit aliquyam sea ea. Vero est exerci erat amet no quis consetetur kasd placerat sadipscing stet. Ea nonumy possim duis clita invidunt nibh invidunt ipsum sit kasd ea magna gubergren elitr lorem justo kasd gubergren.\n","publishDate":"2021-11-17T00:35:03.6023868+00:00"},{"id":8,"title":"Book 8","description":"Velit lorem kasd sadipscing. Diam dolores sea velit stet gubergren hendrerit et gubergren kasd ipsum justo justo accusam lorem. In nonumy dolores rebum rebum elitr duo nonumy sadipscing dolore. Accusam dolor rebum ut eu nisl. Diam sit erat et laoreet amet voluptua. Eos dolore assum lorem elitr. Sanctus et lorem. No erat tempor ipsum amet justo eum eleifend consequat duo rebum dolor. Facilisi et sea sea. Vulputate et dolores sed eirmod ipsum justo dolore wisi nonumy lorem amet magna dignissim ea consequat ut invidunt voluptua. Stet no elitr accusam facilisis sea sit voluptua sanctus dolor. Nisl option ipsum eros quod luptatum lorem at eirmod erat vel invidunt lorem rebum esse tempor sed kasd diam.\n","pageCount":800,"excerpt":"Et vero amet aliquyam magna amet iriure erat ipsum elitr. Invidunt dolor ut no et erat accusam est et ipsum tempor est amet accumsan eirmod sea sed. Mazim nibh et. Autem accusam dolore diam kasd stet. Sed amet diam invidunt illum et dolor sed. Lorem ea at ut nonumy nostrud amet lorem rebum takimata sadipscing invidunt ex no. Eos magna clita euismod eu accumsan nulla sit diam. Sed laoreet feugiat invidunt ea no tempor aliquyam ea duo diam. Aliquyam invidunt dolore voluptua tempor eos ipsum. Elit vero tempor consequat eirmod lobortis et diam ea illum vero dolor ipsum ut sed sed dolor. Autem eu nisl takimata sit diam magna duis sit at nulla diam. Takimata eum sed duo duo ut et magna nonumy invidunt tincidunt dolore. Sadipscing sed odio imperdiet. Ut aliquyam blandit sadipscing et commodo tincidunt voluptua consequat ipsum amet ipsum ipsum et at magna. Ut takimata elit nulla sanctus dolore et ipsum eum sed sed dolores dolor consectetuer sanctus. Tempor et diam illum dolore magna kasd voluptua nonummy nisl nonummy. Voluptua et exerci nostrud. Eros amet congue clita dolor volutpat magna adipiscing nonumy. Aliquam clita sanctus option praesent in magna gubergren lorem ipsum elit ea elit aliquyam nulla ut.\nEa nulla eos hendrerit dolore consequat accusam at tempor tation. Rebum erat tempor feugait duis sed nonumy euismod takimata sed et consetetur. Est te sea no rebum illum justo takimata diam no dolor dolore lorem. Tempor ut erat gubergren clita nonumy sit vero lorem consetetur sea labore eirmod vel nonummy sanctus facilisi ipsum vel. Labore accusam diam clita te mazim et takimata. Ea vero dolor elitr kasd et ipsum dolore consequat lorem velit molestie adipiscing vero vel amet feugiat eum lorem. At facilisi sadipscing dolor. Sit ipsum stet gubergren duis molestie dolores nonumy vel et justo. Et sed eirmod euismod eleifend et praesent nulla. Odio gubergren hendrerit kasd amet clita labore diam ipsum elitr option amet aliquyam rebum eos imperdiet. Dolor commodo et doming duis qui sit in takimata cum eirmod invidunt. Consequat voluptua justo dolores sadipscing rebum nostrud est lorem sed labore. Dolor magna et rebum consetetur dolor.\nEirmod justo et invidunt consequat tempor sed aliquyam iriure eirmod consetetur delenit sed nonummy ut velit voluptua. Possim feugait et sea dolor at eirmod autem est possim eros. Stet diam sed ipsum sanctus ea gubergren velit ut ullamcorper dolores dolores stet dolores feugiat in et invidunt sadipscing. In lorem sea et labore magna accusam sed ipsum dolores dolore consetetur esse dolores et eirmod clita nonumy et.\nExerci consetetur labore eum. Consetetur magna erat justo diam ipsum sit doming liber sed illum sea. Et vel qui in dolores. Et sed rebum at in duo dolore magna. Ipsum erat tempor et diam duis invidunt eos clita autem diam aliquyam dolor. Clita sed euismod clita invidunt aliquyam possim gubergren et diam erat magna nisl stet vero cum dolores sit. Vulputate sadipscing et sed iusto magna lorem. No takimata diam diam in at vel soluta dolor duo diam sit. Amet elitr no diam rebum voluptua diam vero ipsum diam illum amet accusam sed wisi voluptua amet. Erat dolore no dolore invidunt aliquyam. Vel id invidunt aliquyam diam velit kasd amet facilisi diam amet minim blandit diam magna diam. Gubergren lorem sed enim diam qui dolor erat dolor duo nonummy stet. Eirmod accumsan nulla sed facilisis dolore sed. Accusam sed et sed dolore amet. Accumsan amet gubergren in est sadipscing clita tempor invidunt nobis et diam ut ipsum delenit. Labore odio dolor dolore at sit invidunt vel takimata consequat esse et exerci ut justo tempor tempor. Facilisi dolor vero ut elitr eu. Consequat sadipscing vero rebum sed diam erat sea velit clita sanctus ut erat nulla aliquam diam nostrud amet. Eos dolor commodo imperdiet sanctus kasd accusam ipsum elitr commodo sanctus ipsum rebum et ipsum eos.\nBlandit et ea et magna illum eirmod ut ut nulla. Justo accusam aliquyam invidunt nonumy diam et nonumy et molestie dolore assum tempor. At duis accusam kasd justo consetetur lorem veniam. Amet et eirmod autem commodo facilisis nulla iriure voluptua stet eum. Nulla dolore stet et iusto labore ut tation stet kasd sit diam eirmod nonumy vero vel. Ea rebum accusam eos facer sit invidunt ut at ipsum sadipscing takimata dolor voluptua laoreet vulputate commodo amet. Facilisi tempor ipsum gubergren ut lorem invidunt stet nam gubergren dolore sed. Et dolore amet elit nibh labore sed magna imperdiet diam consetetur. Ullamcorper justo elitr sanctus ut eirmod nulla consetetur. Erat justo duo lorem ut. Est et quis at dolor et sit ut ea ea sed et quis. Amet clita dolor ipsum duis quod. Sadipscing in amet lobortis ipsum labore autem consetetur odio nonummy nibh vulputate molestie invidunt nonummy dolore elit. Vero accumsan ut sed vero. Eirmod amet nonumy sed dolores et zzril nibh. Ut kasd nulla facilisis praesent lorem nonumy stet diam sed vero erat eros aliquyam. Sanctus erat dolore amet laoreet. Sit dolore dolor est wisi. Facilisis est diam ipsum diam lorem magna et et stet lorem magna tincidunt invidunt accusam consetetur sit duo.\n","publishDate":"2021-11-16T00:35:03.6025114+00:00"},{"id":9,"title":"Book 9","description":"Zzril lorem labore tempor exerci hendrerit lorem tincidunt sit doming consequat iriure labore. Sed et rebum eu eu consetetur sit aliquyam consetetur sadipscing at sit nobis velit et sanctus consectetuer amet. Labore voluptua takimata et. No takimata amet. Ipsum rebum duo nibh dolor consequat hendrerit. Magna vulputate nisl diam invidunt vel diam sit kasd sea tempor. Sed consetetur stet dolor cum iriure elit justo labore vero. Eos sadipscing liber dolore erat elitr no nisl ea te erat voluptua elitr veniam elit invidunt in lorem. Sed dolor et. Dolore lorem dolor invidunt diam dolor dolor et dignissim. Magna sit aliquyam ea dolor dolore ipsum ad iusto et sed sit dolor accusam invidunt et diam sadipscing. Dolor amet dolor. Aliquyam accusam erat sed sanctus lorem sit stet.\n","pageCount":900,"excerpt":"Qui diam diam vulputate molestie lorem amet labore aliquyam quis consequat takimata accusam et. Sit diam hendrerit no dolor magna clita enim stet amet nonummy eos ipsum magna minim est no ipsum duo. Delenit no dolor sanctus labore et stet dolore.\nIusto blandit eros vel est ipsum nulla ipsum ut esse in iusto rebum consequat erat magna. Iusto duo sadipscing assum ipsum ipsum esse amet et eirmod dolor nam. Te consequat vel dolore dolor sea dolore ut. Delenit imperdiet sanctus ex lorem elitr sed iriure ea doming at aliquam. Feugiat ea ex wisi et lorem ea commodo gubergren sanctus zzril. Erat amet dolor takimata vero clita amet gubergren dolor justo. Vel ea lorem diam no. Eos et lorem consetetur dolor eu nibh accusam duis in. Sed voluptua lobortis lorem at dolores stet sit facilisis sanctus gubergren takimata placerat sed. Nulla duo et et clita sea takimata duo eirmod congue amet placerat diam dolor. Tempor kasd nonummy takimata tempor et duo diam nam duo. Amet facilisis vero nulla dolores nulla. Et invidunt eros lorem erat minim justo labore no et elitr no id sadipscing erat clita justo duis. Labore sadipscing sea suscipit sed duo magna. Elitr autem dolor facilisis consectetuer hendrerit vero eirmod eos diam eirmod luptatum kasd eirmod. Clita et ipsum augue hendrerit iriure amet duo eirmod magna et nulla.\nDuis ipsum ipsum dolor accusam kasd nisl lorem diam at. Accusam sanctus amet est zzril et et erat et sit labore aliquyam odio facilisi invidunt elitr. Tincidunt vel ipsum labore minim aliquam iriure elitr diam blandit exerci facilisis stet sit erat nonumy consequat laoreet tempor. Stet laoreet ipsum dolor nibh. Cum kasd duo sit. Dolor aliquip facilisis accumsan enim rebum dolores eos sit ipsum clita consetetur.\nAccusam no amet sadipscing gubergren vero invidunt dolores stet rebum dolor imperdiet sit. Iriure justo magna vero consetetur gubergren eos et justo eos rebum at et. Ut sit wisi erat molestie dolores elitr diam nisl duo ut eirmod eos duo duo veniam iusto duo. Sed tincidunt eos eos esse et justo takimata duis nonumy diam. Ut sed tempor illum et no eos stet labore dolore dolores illum nonummy dolore takimata et est eos laoreet. Sit elit aliquip nonumy erat sed magna stet kasd at eros tempor. Diam et sadipscing invidunt ut dolor ut lorem sanctus. Diam et sed sed ullamcorper gubergren ut soluta. Ut clita dolore lorem amet luptatum no elitr et gubergren sit sed ut magna no et. Diam ipsum ut at eirmod. Sed sit et quis nonumy sit quod ipsum tincidunt diam. Magna rebum ut accusam ipsum et kasd vulputate dolor diam lorem hendrerit sea.\nInvidunt minim consequat amet dolores vel ipsum diam. Lorem euismod dolor et elitr dolore takimata sadipscing rebum eos diam consetetur duo eirmod elit eu sea consectetuer. Amet invidunt magna. Et eirmod rebum diam vero vero tincidunt minim vero. Dolore dolores dolor dolores sed ut autem dolore nonummy et invidunt dolor sit justo sanctus. Velit gubergren ut sea ex sanctus. Sed duo suscipit consetetur stet nobis duis suscipit facilisis. Placerat ut et elitr nulla gubergren justo nostrud erat eos takimata dolore dolore vulputate sed.\n","publishDate":"2021-11-15T00:35:03.6025737+00:00"},{"id":10,"title":"Book 10","description":"Elitr enim nulla amet et sed voluptua augue lorem cum. Sed duis magna justo vero magna justo et at facilisi odio vero. Dolor stet aliquip dolor dolores. Justo elit stet diam exerci eirmod amet takimata consequat id amet eum magna augue nulla voluptua congue. Stet et amet rebum amet tempor lorem est sanctus feugiat consetetur erat no. Sanctus clita dolor velit aliquam suscipit placerat magna autem in ipsum sea stet gubergren nonumy. Ut at et no ipsum sit tempor est justo et tempor lorem dolore ea magna tempor amet justo justo. Stet sed et nonumy sit accusam invidunt sed iriure invidunt magna consetetur wisi elitr nulla dolor kasd adipiscing clita. Te nonummy molestie duis.\n","pageCount":1000,"excerpt":"Amet enim te duo lobortis tempor feugait et sit sadipscing ut et. Takimata dolore sadipscing consetetur diam vulputate consetetur nam nonumy ut stet facilisis amet takimata sea. Aliquip nibh tation tempor dolore sed ipsum praesent sit dolor tempor ut. Sed in praesent diam feugiat lorem erat enim velit. Vero in magna gubergren et stet takimata facilisi justo dolor kasd duo illum no zzril no consectetuer. Voluptua magna diam ipsum gubergren kasd ipsum rebum aliquyam ea. Lorem at gubergren ea aliquyam sit vel ex dolor. Lorem in velit invidunt amet ut facilisi ipsum nulla aliquyam blandit tempor ut.\nTakimata accusam sit et kasd dolor blandit diam dolores minim. Consequat lorem nonumy elitr et diam assum sadipscing voluptua clita. Ipsum kasd vero elitr kasd velit justo eos ut sed diam feugiat nonumy aliquyam sadipscing elit. Ut est kasd. Dignissim no cum accusam eu sit. Sed ipsum no invidunt sadipscing est lorem diam sadipscing justo sed sed takimata consetetur magna. Sit at dolores clita sed sit soluta sea sit sit stet magna dolores sea lorem imperdiet justo. Magna ipsum justo duo dolores. Consetetur tempor diam duo sadipscing voluptua invidunt diam vero nulla sed duis luptatum nonumy et. Magna sit ea voluptua veniam iusto est ut ea rebum dolore rebum rebum. Sed erat feugait dolore duo elitr nonummy.\nQuod wisi dolor voluptua ipsum sit. Erat et consectetuer accusam voluptua justo et nostrud sanctus et magna ipsum ipsum. Amet diam rebum duis dolores stet. Lorem accusam nonumy sit. Invidunt eros nonumy at magna labore labore. Molestie et magna exerci in nulla amet. Voluptua aliquyam gubergren takimata feugiat ipsum sanctus at molestie quis eirmod nonumy in aliquyam veniam sed qui euismod. Sea aliquyam magna feugait eu ut dolore dolor amet exerci tempor diam sea vel tempor eos tation. Dolore labore labore justo accusam eirmod nobis sit consetetur lorem lorem stet odio sadipscing ea nonumy diam. Amet aliquip kasd diam amet.\nIllum illum sea congue justo ex sed sit amet no sed ea. Gubergren vero no est sed et elitr eu invidunt amet invidunt aliquyam erat duo at takimata. Accusam blandit diam sea tempor odio. Vel lorem nulla rebum clita et labore mazim rebum dolores no dolor eum est et consequat diam. Augue facer labore erat elitr. Ad amet et nam magna est rebum vero. Ea lobortis invidunt est sed ut consequat clita feugiat adipiscing magna no diam sed kasd eirmod lorem dolor te. Dolore gubergren ipsum clita sit.\nSanctus duis justo sea dolore ipsum sed eum kasd dolor erat duo clita lorem sed tempor labore clita. Dolore esse lobortis duo lorem nulla eirmod blandit vero. Consetetur vero no sed soluta. Amet clita in sed dolore minim eu augue at sed erat ipsum eros. Vulputate stet sit aliquyam gubergren consequat qui sed molestie justo rebum. Liber diam et nonumy dolor exerci. Accusam amet tincidunt sadipscing et sit aliquip ipsum sed. Rebum sed eos elitr et labore aliquyam eos et clita sit sea est. Sed rebum lorem kasd facilisi facilisi consequat accusam assum et dignissim euismod dolores.\n","publishDate":"2021-11-14T00:35:03.6026454+00:00"},{"id":11,"title":"Book 11","description":"Tempor eum stet euismod qui accusam nonumy invidunt sadipscing et dolore sed amet blandit consequat. Stet nulla sed ut et ipsum id sit. Nisl sed diam lorem voluptua sit labore at in praesent et nonumy rebum amet elitr nobis. Clita sed dolores et est ipsum sed erat hendrerit et eirmod. Ipsum accusam ipsum ea vel dolor stet lorem. Liber invidunt placerat erat nulla et ea assum ipsum et ut justo facilisis invidunt zzril. Dolor invidunt tempor lorem vero autem aliquyam amet elitr eum sit et lobortis esse velit clita blandit. At hendrerit vel nisl duis tempor voluptua feugait in amet ipsum praesent ipsum lorem suscipit ut. Amet voluptua lorem dolor takimata diam sit nonumy labore hendrerit duo labore erat sit vero ut elitr facilisis. Ea ipsum ut sit eos. Est ut sadipscing consetetur sanctus elitr at aliquyam doming no suscipit duo vero volutpat. Ipsum ea consequat volutpat sea euismod ipsum diam aliquyam dolore amet. Ad et amet at at at rebum dolor.\n","pageCount":1100,"excerpt":"Sit tempor dolor sadipscing ipsum labore dolor ipsum luptatum praesent clita dolore tempor labore. Ut ea sea in sea stet sed clita ex consetetur gubergren amet vulputate magna elitr dolore delenit dolores at. Accusam et ea eos rebum lorem minim illum doming nihil rebum duo amet magna et kasd aliquyam clita sit. Dolores enim sit amet elitr dolor est est vulputate et ut ut elitr ea. Eos vel lorem sit esse. Minim ut ipsum stet gubergren sanctus eos elitr ad diam ipsum. Lorem dolor dolore sea. Dolore clita amet takimata gubergren magna dolore erat iriure sed no feugait quod ut. Exerci eos vero no sadipscing. Et dolor magna rebum sea ex stet magna sanctus delenit ea vero clita eos duo sanctus kasd ea imperdiet. Soluta dolore doming vel enim. Est soluta rebum feugiat eum amet rebum sanctus ipsum elit aliquam sadipscing dolor eos duo ea invidunt magna. Illum vero stet sit ipsum aliquyam accusam praesent eos nisl aliquyam sit labore enim labore. Sed amet at ipsum ipsum sed no in vel tempor erat ea vero dolor lorem sit facilisis dolore.\nSadipscing justo clita ut diam. Elitr no dolores dolor esse dolor duo sed. Lorem consetetur facilisis dolor sanctus lorem vulputate ipsum ea clita sanctus clita. Ea autem eos elit illum ut molestie quis sanctus feugait sit gubergren eirmod et sea dolor et accusam. Sit minim labore takimata sit magna diam qui sanctus et stet eos labore amet stet sadipscing qui vero. Et enim at ipsum. Wisi aliquip magna dolores et. Consetetur facilisis in sea et eros nostrud in et ex nisl amet aliquyam diam sadipscing tempor. Dolor amet nonumy placerat erat wisi est ipsum accusam delenit eu sanctus erat wisi. Cum veniam voluptua duo feugiat voluptua labore nibh et stet ipsum eos illum ut vel nibh qui vel nonumy. Duo iriure ex ipsum dolore dignissim feugiat consetetur stet. Ea laoreet magna eum erat ut enim vero et dolore diam sanctus diam eu voluptua elitr. No sit eirmod gubergren vero erat dolore elitr. Clita duis tempor kasd. Sanctus ad dolore diam lorem hendrerit tempor est sadipscing stet. Sea tempor sea clita sanctus vero. Sanctus sed ea magna at takimata consetetur consetetur amet nobis et diam. Iusto augue dignissim ut tation sed ea eum duo dignissim at lorem voluptua amet dolores mazim eos erat dolore. At magna et dolor vero.\nSit et takimata est labore justo consetetur et no. Cum eos ea facer at iusto sea diam nostrud amet ut sed dignissim voluptua odio erat invidunt sadipscing. Dolore diam lorem et nulla ut vero te duo sed. Dolore diam consequat at eirmod euismod sanctus kasd et sadipscing at clita elit takimata accusam vero qui. Labore dolore commodo sit autem et rebum nonumy lobortis cum accusam justo sit sea ipsum nonummy justo aliquyam hendrerit. Sanctus dolor clita et iriure et suscipit vero duo gubergren consetetur diam est sed ex voluptua ut. Ipsum dolor tation amet dolores ipsum voluptua stet rebum duo magna ipsum eirmod sed amet vero in molestie et. Diam amet dolor diam et autem sadipscing erat enim vel.\nVoluptua eirmod dolore ipsum nisl vero erat sadipscing. Magna invidunt eirmod tincidunt et et ipsum kasd lorem ut at lorem et at dolor accumsan invidunt. Eirmod eu ipsum dolores imperdiet et feugait. Amet no te. Et mazim erat. Sea rebum no dolor aliquip nonummy diam sit et zzril autem sit sanctus. Ea et enim id at stet nonumy consectetuer tation quis justo nonumy et consetetur dolor feugiat amet et at. Esse aliquip veniam magna consetetur dolore nonumy wisi dolor dolor. Eos accusam tempor nulla facilisis labore voluptua praesent ea no at takimata magna sed aliquyam suscipit quis amet. Et feugiat at ut nihil dolores justo sadipscing. Lorem quod stet magna tation soluta et duo ut ut in. Iusto odio kasd iriure ullamcorper dolor labore iriure ipsum diam et amet nulla minim commodo dolor dolores. Takimata kasd nonumy consetetur dolor facer nonumy sed magna augue eu.\nSadipscing gubergren ex nulla sanctus ea magna tempor takimata ut et. At et consectetuer ut amet amet dolore dignissim duis erat nonumy kasd dolor ipsum nonumy. Magna rebum erat erat invidunt sit dolore in aliquyam eirmod kasd dolore dolore dignissim illum diam clita. Tempor et vel gubergren invidunt clita duo takimata at ea ea velit magna iusto gubergren dolores takimata vero. Vulputate sit est sit elitr possim sea diam option ea at clita justo.\n","publishDate":"2021-11-13T00:35:03.6027425+00:00"},{"id":12,"title":"Book 12","description":"At ut sit lorem erat at elit diam quis dolores sed exerci takimata vero. Justo sed eos. Vel diam accusam et ipsum aliquyam clita. Duo diam lorem accusam erat lorem et eum.\n","pageCount":1200,"excerpt":"Dolore volutpat ullamcorper sanctus accumsan ut labore sit magna vel et vero. Ipsum possim eos eos sit. Feugait dolore rebum et invidunt vero invidunt wisi facilisis euismod dolores et doming at et et at elitr lorem. No tempor velit takimata voluptua lorem voluptua elitr dolor dolore takimata. Ullamcorper hendrerit ex velit nam luptatum lorem aliquyam et kasd sanctus diam dolor et nonumy. Ea sanctus ea. Invidunt cum et iusto takimata dolore diam sed ipsum consetetur rebum sit tempor sit takimata ipsum. Consetetur qui suscipit. Sea elitr justo. Et clita in dolore. Sed et ea tation et sanctus labore sit enim magna eros et exerci at feugiat no. Augue dolor velit eos ut tempor tincidunt erat nihil exerci. Nonumy takimata quis dolores consetetur no qui labore rebum. Justo consectetuer justo aliquyam doming tempor ipsum sit nonummy eos et accumsan veniam eos erat lorem est.\nSed ea duo stet no takimata voluptua tempor diam wisi diam at feugiat erat sed. Dolore duo sadipscing kasd labore et dolore dolores stet dolor. Diam et nonumy sed et et at sit nulla labore voluptua esse et illum qui facer feugiat diam. Vulputate consetetur ut ipsum volutpat amet kasd nonummy no magna consequat sit. Stet sed illum accusam eirmod tempor et gubergren odio facilisis exerci amet vero nibh et kasd duis invidunt. Exerci est veniam est ipsum duis velit sed gubergren nam dolores autem kasd consequat accusam eros. Ut delenit dolore. Consetetur vel justo et nulla in consetetur dignissim diam. Diam esse magna kasd amet aliquam dignissim nonummy tempor dolore no vero eirmod lorem ea erat.\nJusto sed elitr sit illum in lorem tempor eum sanctus at duo imperdiet sadipscing justo. Exerci rebum ut et diam sed amet et est sit et invidunt no. Dolor invidunt stet vero sit amet at facilisis luptatum accumsan stet sit diam option vero no tempor. Eirmod dolore rebum sit. Suscipit elitr at erat ipsum wisi dolore et erat dolores nonumy lorem sanctus est. Dolor et ea et illum eu sea. Ea nonummy lorem sit consequat magna magna vero labore sit sed invidunt luptatum eos lorem et. Ut ipsum labore labore.\nEa est eirmod nulla duo ut eos in et et duo congue et. Justo lorem ut magna takimata autem lorem rebum. Est justo sit sadipscing et clita voluptua. Sed duo clita rebum et dolor. Vel elitr dolore nulla voluptua tation option eum eirmod aliquip quis est dolore invidunt feugait lorem at accusam. Consetetur sea et sadipscing voluptua ut diam sed diam. Dolor diam feugait dolor eros duis et vero dolor nonumy elitr accumsan at dolor in facilisis euismod.\nWisi rebum sed. Et vero invidunt option amet amet lorem ut. Esse stet invidunt dolore et vero elitr eirmod exerci et amet. Dolor assum dolore. Ut delenit sit consectetuer est et et justo magna et eos. Ut dolore autem lorem ipsum te dolor feugiat eos rebum. Sit sit amet ipsum dolores sed. Facilisi aliquip lorem amet elit nulla ipsum. Veniam facilisis dolor est ea diam dolores qui. Euismod ad erat sed sit. Justo dolore tempor sit et magna lorem facilisis. In erat dolore tempor lorem sed et et amet amet et consetetur ut amet et consequat dolores option. Gubergren invidunt magna wisi est duo cum nonummy duis erat justo et takimata sit ipsum quis dolor nonumy. Et duis amet duis adipiscing kasd lobortis et ut nibh eirmod amet dolores magna takimata gubergren stet gubergren.\n","publishDate":"2021-11-12T00:35:03.6028013+00:00"},{"id":13,"title":"Book 13","description":"Ea et feugiat et. Aliquyam at no sadipscing. Vero ut elitr duo volutpat. Autem accusam et et erat tation ipsum sit sea aliquyam ipsum vel sit. Esse qui dolor amet stet lorem dolor.\n","pageCount":1300,"excerpt":"Luptatum invidunt te dolore rebum. Dolor sed ipsum eirmod nisl erat gubergren tation. Sed hendrerit duis. Delenit vero nostrud ex diam laoreet lorem diam tempor sed sanctus duo. Kasd eros soluta tempor vero in eirmod stet dolore eirmod diam kasd iriure labore at sadipscing et et. Dolores at vero odio nonumy lorem sit sed no dolor rebum amet tincidunt rebum possim sea labore. Nonumy tempor rebum tation ea at invidunt sea aliquyam eu iriure aliquyam sit et et sit sit et. Et enim luptatum iriure lorem aliquyam kasd consetetur nonumy iriure erat diam gubergren diam labore. Velit et sanctus te lorem qui delenit et blandit dolore nihil takimata commodo aliquyam tincidunt stet ipsum.\nAugue vero clita. Feugiat lorem ea ipsum augue no sadipscing eu sanctus sea ut dolor feugait consetetur. Accusam ea ea consectetuer velit justo ex ipsum iriure no. Dolores voluptua et. Diam sea vero erat gubergren vulputate ut laoreet sit sea consetetur ut sed aliquyam nostrud. Et aliquip ad vel quis stet ullamcorper takimata nibh. Amet et nonumy iriure feugait et at aliquyam accusam diam erat facilisis ut at invidunt eum rebum. Stet ut gubergren vero duo dolore labore stet. Et feugiat vero et duo accusam erat in ea molestie diam et diam sadipscing. Sea sit praesent eirmod dignissim facilisi et dolore ipsum sed sadipscing. Et diam dolor laoreet gubergren. Eirmod esse gubergren rebum at kasd. Sanctus nisl et erat quod sit ipsum gubergren luptatum et amet rebum nulla sed. Eos zzril at in at delenit sea rebum stet. Eu aliquip vulputate ipsum consetetur veniam. Nam kasd delenit eirmod kasd qui vero nobis voluptua ut eos kasd odio voluptua. Blandit sit minim soluta wisi labore invidunt augue dolor nonumy takimata laoreet rebum et clita aliquip et aliquam sanctus. Duo feugiat labore stet magna lorem diam eu ipsum soluta cum quis dolore lorem invidunt diam. Tation sit quis ut et praesent lorem dignissim dolor kasd voluptua delenit kasd sit gubergren zzril wisi sit tempor.\nEt enim dolor lorem duis stet lobortis duis vulputate sed. Nam nulla duis laoreet ad placerat cum ea invidunt quis. Diam stet ipsum tempor aliquip sadipscing consetetur dolore ipsum lorem diam in nonumy ex feugiat wisi blandit lorem quis. At nostrud sanctus sea lorem. Eirmod ipsum diam ut eos ipsum sadipscing eirmod sit minim dolor clita kasd. Lorem elitr elit dolor volutpat sed tation eos vel voluptua ut gubergren facilisi magna vero. Laoreet sit et erat nonumy elitr accusam vel voluptua sed ipsum labore stet amet enim takimata elitr. Dolore et et rebum nostrud at et ea aliquyam dolor facilisi stet gubergren. Kasd assum nonumy est in et et stet labore invidunt ea voluptua vero. Consetetur sed sed erat ex accusam lorem id. Eros ut dolor dolor et dolore et dolor stet rebum gubergren eos sadipscing gubergren ullamcorper adipiscing elitr enim et. Dolor blandit et magna diam facer in. Sed feugiat sanctus diam ut laoreet ipsum ut hendrerit liber. Quis dolor gubergren ipsum duis praesent consequat sit iusto et erat amet dolore consequat ea. Sadipscing laoreet molestie. Et aliquyam consequat vero cum in dolor et odio sit vero sadipscing invidunt dolore feugiat veniam stet lorem possim. Doming possim et volutpat amet et ea kasd.\nAccusam diam sea magna labore nulla est sadipscing duis duo. Sadipscing no in ea tempor no nulla et justo sanctus diam et et. Minim gubergren diam at accusam consetetur ut accusam lorem eros in. Duo dolor ipsum odio. Ex dignissim sed blandit sed sanctus nonumy augue sea et aliquip dolor sit. Augue et stet iusto vel sed et dolor at lorem dolor diam ea aliquam dolor at. Nulla nobis sit sit dolore sed sanctus invidunt luptatum nam amet augue. Feugiat diam in erat aliquyam adipiscing labore sed rebum in accusam lorem kasd voluptua amet lorem dolor nobis. Wisi te diam augue dolor magna amet sadipscing sed lobortis. Diam eos et amet vero sit justo wisi hendrerit velit invidunt accusam rebum eos veniam elitr odio. Sed ipsum lorem est lorem amet adipiscing assum dolor magna sit delenit dolor magna est. Accusam dolore lorem no.\nRebum eu sea. Dolor diam dolor sanctus. Tation at tempor.\n","publishDate":"2021-11-11T00:35:03.6028863+00:00"},{"id":14,"title":"Book 14","description":"Et invidunt at eirmod sanctus blandit vulputate eirmod sed consetetur amet est lorem. Accusam et nonumy minim ut dolor justo odio sit sed ipsum elitr. Lorem sit aliquyam ut ut ipsum et sed. Vero ea dolor. Accusam id ipsum ea takimata elitr diam clita lorem consectetuer justo labore et kasd sed. Accusam et sed ea kasd dolor lorem eu sea et et diam et esse sadipscing facilisi. Sadipscing rebum facilisis wisi dolore labore takimata sit no aliquam.\n","pageCount":1400,"excerpt":"Consequat eirmod no consetetur magna quis sed. Eirmod est qui in aliquyam sanctus sed velit rebum tempor duo. At suscipit diam sit et imperdiet takimata dolore ut rebum feugiat sit velit ipsum eos. Sanctus et consetetur. Duo dolores erat et augue ut. At euismod ut tempor consetetur commodo sit duo clita aliquam stet kasd lorem nonumy. Ipsum at ut ipsum est. Et sit clita ipsum eros dolor eos doming tempor delenit sit voluptua. Eirmod assum duo nostrud iusto dolore diam invidunt clita nulla ea lorem sed sit no duis.\nConsetetur ipsum voluptua sadipscing et eos nonumy sit tempor diam in at est iriure consequat invidunt. Justo est magna sit qui rebum consequat accusam justo ipsum sadipscing volutpat veniam vel amet no magna sea. At sed et sit et. Aliquyam amet rebum tempor dolore ipsum justo lorem amet invidunt sed amet kasd tincidunt nonumy amet. Vel no amet feugiat diam facilisis sed duis quod iusto erat erat lorem duo no. Feugiat dolore rebum clita labore kasd. Vero feugiat ipsum duis. No ea commodo velit sit. Eum consequat dolor.\nIriure eos eirmod sed feugiat invidunt voluptua autem duo ea iriure dolor amet vero vero et ea. Accusam sit liber nulla adipiscing. Feugiat et clita dolore stet feugait sed rebum. Dolor dolor dolor feugiat diam rebum illum velit sea sadipscing minim illum congue et. Accusam sit erat esse et eos soluta vero gubergren adipiscing erat gubergren kasd voluptua eu gubergren vero eu consetetur. Et eum nonumy diam adipiscing tempor erat augue invidunt et sed aliquyam lorem amet. Ipsum zzril nisl sed dolor et facilisis invidunt sit. Eirmod eos ipsum consetetur wisi eirmod. Aliquyam aliquip erat eum te dolor eirmod invidunt amet est diam sed in molestie vulputate eu facilisis. Augue velit nonumy elitr amet eirmod eros esse diam erat rebum magna vulputate tempor duis. Te volutpat et lorem. Ad et lorem takimata erat eirmod enim at dolores.\nErat voluptua sanctus duis amet sit sit vero dolore et amet vulputate. Rebum invidunt iusto in liber sed justo. Te veniam amet eos ut illum eirmod lorem aliquyam amet diam amet consequat feugiat quis dolor et ut. Magna nihil est minim enim laoreet et sadipscing. Dolores esse vero diam sed lorem sea. Takimata te sit et clita eum dolore sed sanctus sed invidunt sit at at.\nDolore duo diam est ipsum amet wisi justo takimata duis ea iriure. Amet odio amet aliquam aliquyam sed invidunt qui dolores facilisi est labore ipsum diam esse eu quis amet. Clita dignissim in sed voluptua. Eos accumsan amet nulla ut esse.\n","publishDate":"2021-11-10T00:35:03.6029356+00:00"},{"id":15,"title":"Book 15","description":"Lorem est lobortis tempor quis nonummy duo dignissim sit et kasd vero est sit laoreet magna sea kasd eum. Nulla aliquam no clita accumsan labore dolore dolor erat lorem consetetur et in sanctus dolor et magna. Sit est id sea. Eros volutpat et erat dolor dolor ea. Sed eirmod invidunt et et nonummy sadipscing erat iriure stet duis at dolor. Velit aliquyam ipsum ipsum ex amet consequat justo iriure facilisis lorem duis dolores consetetur nonumy ut. Consequat magna illum odio gubergren ipsum sea. Gubergren nonumy amet. At gubergren ut molestie possim in facer et lorem dignissim rebum takimata accusam ea nibh stet sanctus ipsum. Et erat et dolores kasd sit blandit in autem diam vero sed amet assum. Dolores labore justo stet sed dolor sed magna dolore stet amet tincidunt ea. Suscipit amet lorem clita.\n","pageCount":1500,"excerpt":"Facilisi elitr vel accumsan eirmod accusam stet amet erat aliquyam eu sit eirmod et lorem kasd. Consetetur justo magna diam rebum in et consetetur. Duo assum tempor veniam suscipit erat qui justo tation sea no te at takimata rebum esse ipsum illum dolor. Invidunt clita erat stet enim sadipscing vero nonumy sadipscing at. Et erat diam ipsum dolore. Vel in amet et justo kasd in magna dolores qui kasd et takimata gubergren no. Et vero vero et at dolor stet dolore sea sadipscing et est diam magna eu lorem magna magna dolor. Ipsum augue dolores eleifend dolore. Zzril placerat duo stet qui enim consetetur ipsum illum diam duis et et esse magna. Quod voluptua facilisis sit et tempor tempor lobortis ut diam diam et duo ipsum takimata vero ut vel. Accusam dolor doming tation et clita dolores duo et elitr rebum rebum eirmod mazim eirmod.\nInvidunt minim amet quis tempor exerci duis tincidunt clita suscipit ut euismod sed eirmod dolore. Justo eum stet ipsum diam ea eos dolore molestie ut zzril eirmod. Ipsum eum aliquyam illum aliquip. Est sit molestie invidunt no amet aliquyam accusam accusam lorem vulputate amet eirmod dolore at ut lorem at et. In elitr clita. Sed sit takimata erat no stet sanctus no sed sit sed eu eleifend elitr esse ipsum tation consetetur dolor. Stet sed clita nonumy ut duo nihil diam augue enim. Clita euismod dolore sea rebum at sit elit no eum. Iusto velit est amet nisl sed. Eos commodo dolor diam facilisis rebum invidunt blandit et nibh dolor consequat ipsum magna consectetuer et amet elitr nonumy. Eum eos ullamcorper stet. No et justo at molestie diam consequat iusto sit accumsan. Aliquam nam sit dolor accusam doming sanctus accusam nonumy voluptua sanctus blandit at gubergren eos lorem enim sanctus duis. Elitr et vel dolore magna dolores elitr tempor possim sea eros clita vulputate ut ut sadipscing nonumy te adipiscing. Amet dolores at illum. Consequat consetetur vero kasd et justo ea magna et vero dolore no consetetur gubergren cum blandit tempor. Magna labore ut diam ut feugiat. Eum ipsum sadipscing quis ut at elitr stet justo ad. Labore eum et nonumy gubergren nulla.\nDolores labore ut sed sed aliquyam aliquyam lorem dolor labore enim. Dolore amet congue voluptua et sed gubergren lorem dolore sadipscing sit. Illum eum nisl vero zzril elitr justo voluptua kasd labore lorem eum facilisi dolor ea molestie possim amet autem. Lorem kasd suscipit eirmod consetetur tempor eos assum dignissim. Amet eos eirmod kasd tincidunt et te invidunt et sit clita hendrerit id justo feugiat dolor diam nonumy. Quod labore tempor. Et et eos takimata amet et justo et vel eos lorem et at lobortis duis. Et vulputate ipsum. Stet dolor et vel tempor tation sed nonumy commodo augue. Duis takimata gubergren ipsum laoreet eirmod takimata feugiat cum sed aliquyam gubergren dolores dolore sit sanctus rebum et et. Justo magna amet amet eu et eirmod. In sed eirmod diam sanctus. Tempor amet duis duo accusam delenit et et blandit dolore et voluptua dolores. Sed eleifend duis dolore. Dolor elitr ex stet in et et amet ut consectetuer at aliquyam veniam et velit feugait. Et amet liber et et exerci eum aliquyam duo. Et ipsum consequat diam erat sit at diam est aliquip. Et sit amet eirmod sed at sanctus ut possim sanctus vero lorem in. Invidunt diam in sit dolore lorem et consetetur amet dolores aliquip ipsum exerci dolore nonumy.\nEsse lorem consetetur ipsum ipsum. No erat erat sanctus sed sed dolor dolore praesent takimata amet eros. Ea tempor est et eirmod consequat delenit praesent magna tempor et sed euismod ipsum diam sea consetetur labore. Eirmod diam magna eirmod lorem. Et zzril rebum iusto labore sit facilisi eos et illum sed aliquyam nonumy sanctus est illum dolor at. No amet ipsum tation sit duo eos in consetetur aliquam praesent iusto adipiscing. Blandit rebum magna zzril amet sit no elit duo ipsum. Clita magna voluptua nonummy sit diam amet accusam amet amet amet consequat. Vulputate labore duis est. Ut in dolor sanctus consequat est sadipscing at justo feugait diam. Dolor ea erat. Ut eirmod sit rebum sadipscing justo ea dolor lorem tation justo sed voluptua dolor nulla. Aliquip dolores amet ea voluptua et dolore amet esse diam clita sadipscing velit erat magna duo.\nInvidunt amet gubergren laoreet et amet vero consetetur. Diam invidunt et ipsum est sit duis erat magna et ex tempor. In sit vel lorem amet et sit at laoreet ut vero no clita hendrerit. Sed nostrud duo no sea vel in eu et erat enim elitr. Praesent qui dolor blandit feugait labore nulla te sed eos amet ipsum luptatum vel eirmod. Sed duo dolor diam eirmod dolor soluta luptatum consetetur te takimata te velit. Et cum erat invidunt diam takimata aliquip diam tempor diam clita delenit sit facer amet takimata. Clita feugiat dolore erat clita vel illum nonumy. Dolores consequat at lorem diam ut elitr amet erat magna vero illum sanctus sadipscing lorem. Dolore ea ea sea amet stet dolores tempor dolores sit sit lorem dolore no labore stet sit diam sed. Lorem liber amet diam in. Justo dolor commodo magna est invidunt gubergren consetetur rebum duo ipsum ea lorem est justo est dolore aliquyam. Tempor dolores dolor magna kasd dolor erat ipsum ut. Tation soluta nonumy dolores amet consetetur lorem cum et sed ea tempor esse dolor luptatum gubergren magna. Invidunt ea euismod et justo iriure nisl labore vulputate accusam lorem nibh voluptua amet et.\n","publishDate":"2021-11-09T00:35:03.6030466+00:00"},{"id":16,"title":"Book 16","description":"Sit ea dolor volutpat kasd dignissim qui stet justo esse sit erat consequat minim sit lobortis consectetuer. Molestie dolor eirmod sed eum et et dolore sed stet at rebum ea velit nonummy tation dolores sit. Dolor at consetetur gubergren gubergren zzril ipsum ut est est invidunt est at sed dolore facilisis qui sit dolor. Dolore ut no nulla odio nonumy sea aliquam amet dolores aliquyam ea velit accusam sanctus. Sea dolore eum dolores. Aliquyam sed ut iusto. Lorem magna dolore amet. Sanctus ipsum sed duo diam amet tempor et accusam sed et elitr nisl at at duo molestie ipsum. Invidunt eirmod eos vel no blandit sea elitr accusam stet nonumy wisi ipsum dolores sanctus facilisi sit vero. Nihil sed nisl gubergren takimata gubergren at lobortis diam in clita hendrerit clita est sed elitr eos et augue. Zzril et no dolores feugait et nam vel sed dolores. Ullamcorper facilisi illum est sit ea sed rebum vero feugiat sit dolores invidunt elitr est voluptua. Rebum no vel et liber vero labore diam et velit duo voluptua labore dolor. Sanctus eos tempor invidunt clita option sed consetetur nonummy justo dolor. Aliquip ipsum eos nulla. Voluptua sadipscing nonummy et ipsum feugiat est labore dolore sit dolores quod. Eirmod odio stet nihil clita eum et. Amet autem et duis dolor ipsum et sit ea facilisis consetetur sit ea lorem aliquyam nam sit tempor.\n","pageCount":1600,"excerpt":"Ut magna diam eos blandit dolor minim duo duis takimata diam diam dolore dolores et vel eos luptatum sit. Eirmod labore sed et nulla eum facilisis duo placerat takimata dolor. Dolor diam duo nobis eu ipsum magna lorem vero.\nDoming invidunt et consetetur augue dolore tempor autem. Dolor in consetetur ipsum lorem volutpat amet accusam eos eos id accusam. Zzril takimata magna et sanctus ea at ut. Dolor vero eu sit cum nostrud tempor dolores diam tempor no sed iriure eos et dolore. Clita ad gubergren exerci vero eirmod dolores dolores ut sea rebum sit at. Eos duis amet invidunt eirmod takimata tempor rebum in qui.\nFacilisi clita luptatum. Diam dolor labore hendrerit ipsum sadipscing te
[...]
<msg timestamp="20211123 21:35:06.835" level="INFO">${RESPOSTA} = &lt;Response [200]&gt;</msg>
<status status="PASS" starttime="20211123 21:35:06.835" endtime="20211123 21:35:06.835"/>
</kw>
<status status="PASS" starttime="20211123 21:35:06.829" endtime="20211123 21:35:06.836"/>
</kw>
<status status="PASS" starttime="20211123 21:35:06.828" endtime="20211123 21:35:06.836"/>
</kw>
<status status="PASS" starttime="20211123 21:35:06.517" endtime="20211123 21:35:06.836"/>
</test>
<test id="s1-t3" name="Cadastrar um novo livro (POST)">
<kw name="Cadastrar um novo livro" library="ResourceAPI">
<kw name="POST On Session" library="RequestsLibrary">
<var>${RESPOSTA}</var>
<arg>FakeAPI</arg>
<arg>Books</arg>
<arg>data={"id": 2323,"title": "teste","description": "teste","pageCount": 200,"excerpt": "teste","publishDate": "2021-11-23T13:55:00.384Z"}</arg>
<arg>headers=${HEADERS}</arg>
<doc>Sends a POST request on a previously created HTTP Session.</doc>
<msg timestamp="20211123 21:35:07.119" level="INFO">POST Request : url=https://fakerestapi.azurewebsites.net/api/v1/Books 
 path_url=/api/v1/Books 
 headers={'User-Agent': 'python-requests/2.26.0', 'Accept-Encoding': 'gzip, deflate', 'Accept': '*/*', 'Connection': 'keep-alive', 'content-type': 'application/json', 'Content-Length': '130'} 
 body={"id": 2323,"title": "teste","description": "teste","pageCount": 200,"excerpt": "teste","publishDate": "2021-11-23T13:55:00.384Z"} 
 </msg>
<msg timestamp="20211123 21:35:07.120" level="INFO">POST Response : url=https://fakerestapi.azurewebsites.net/api/v1/Books 
 status=200, reason=OK 
 headers={'Transfer-Encoding': 'chunked', 'Content-Type': 'application/json; charset=utf-8; v=1.0', 'Server': 'Kestrel', 'api-supported-versions': '1.0', 'Date': 'Wed, 24 Nov 2021 00:35:06 GMT'} 
 body={"id":2323,"title":"teste","description":"teste","pageCount":200,"excerpt":"teste","publishDate":"2021-11-23T13:55:00.384Z"} 
 </msg>
<msg timestamp="20211123 21:35:07.120" level="INFO">C:\Users\patri\AppData\Local\Programs\Python\Python39\lib\site-packages\urllib3\connectionpool.py:1013: InsecureRequestWarning: Unverified HTTPS request is being made to host 'fakerestapi.azurewebsites.net'. Adding certificate verification is strongly advised. See: https://urllib3.readthedocs.io/en/1.26.x/advanced-usage.html#ssl-warnings
  warnings.warn(</msg>
<msg timestamp="20211123 21:35:07.120" level="INFO">${RESPOSTA} = &lt;Response [200]&gt;</msg>
<status status="PASS" starttime="20211123 21:35:06.837" endtime="20211123 21:35:07.120"/>
</kw>
<kw name="Log" library="BuiltIn">
<arg>${RESPOSTA.text}</arg>
<doc>Logs the given message with the given level.</doc>
<msg timestamp="20211123 21:35:07.121" level="INFO">{"id":2323,"title":"teste","description":"teste","pageCount":200,"excerpt":"teste","publishDate":"2021-11-23T13:55:00.384Z"}</msg>
<status status="PASS" starttime="20211123 21:35:07.121" endtime="20211123 21:35:07.121"/>
</kw>
<kw name="Set Test Variable" library="BuiltIn">
<arg>${RESPOSTA}</arg>
<doc>Makes a variable available everywhere within the scope of the current test.</doc>
<msg timestamp="20211123 21:35:07.121" level="INFO">${RESPOSTA} = &lt;Response [200]&gt;</msg>
<status status="PASS" starttime="20211123 21:35:07.121" endtime="20211123 21:35:07.121"/>
</kw>
<status status="PASS" starttime="20211123 21:35:06.837" endtime="20211123 21:35:07.121"/>
</kw>
<kw name="Conferir o status code" library="ResourceAPI">
<arg>200</arg>
<kw name="Should Be Equal As Strings" library="BuiltIn">
<arg>${RESPOSTA.status_code}</arg>
<arg>${STATUSCODE_DESEJADO}</arg>
<doc>Fails if objects are unequal after converting them to strings.</doc>
<msg timestamp="20211123 21:35:07.122" level="INFO">Argument types are:
&lt;class 'int'&gt;
&lt;type 'unicode'&gt;</msg>
<status status="PASS" starttime="20211123 21:35:07.122" endtime="20211123 21:35:07.122"/>
</kw>
<status status="PASS" starttime="20211123 21:35:07.122" endtime="20211123 21:35:07.122"/>
</kw>
<kw name="Conferir o reason" library="ResourceAPI">
<arg>OK</arg>
<kw name="Should Be Equal As Strings" library="BuiltIn">
<arg>${RESPOSTA.reason}</arg>
<arg>${REASON_DESEJADO}</arg>
<doc>Fails if objects are unequal after converting them to strings.</doc>
<status status="PASS" starttime="20211123 21:35:07.123" endtime="20211123 21:35:07.124"/>
</kw>
<status status="PASS" starttime="20211123 21:35:07.123" endtime="20211123 21:35:07.124"/>
</kw>
<kw name="Conferir se retorna os dados corretos do livro &quot;2323&quot; cadastrado" library="ResourceAPI" sourcename="Conferir se retorna os dados corretos do livro &quot;${ID_LIVRO}&quot; cadastrado">
<kw name="Conferir livro" library="ResourceAPI">
<arg>${ID_LIVRO}</arg>
<kw name="Dictionary Should Contain Item" library="Collections">
<arg>${RESPOSTA.json()}</arg>
<arg>id</arg>
<arg>${BOOK_${ID_LIVRO}.id}</arg>
<doc>An item of ``key`` / ``value`` must be found in a ``dictionary``.</doc>
<status status="PASS" starttime="20211123 21:35:07.125" endtime="20211123 21:35:07.125"/>
</kw>
<kw name="Dictionary Should Contain Item" library="Collections">
<arg>${RESPOSTA.json()}</arg>
<arg>title</arg>
<arg>${BOOK_${ID_LIVRO}.title}</arg>
<doc>An item of ``key`` / ``value`` must be found in a ``dictionary``.</doc>
<status status="PASS" starttime="20211123 21:35:07.125" endtime="20211123 21:35:07.127"/>
</kw>
<kw name="Dictionary Should Contain Item" library="Collections">
<arg>${RESPOSTA.json()}</arg>
<arg>pageCount</arg>
<arg>${BOOK_${ID_LIVRO}.pageCount}</arg>
<doc>An item of ``key`` / ``value`` must be found in a ``dictionary``.</doc>
<status status="PASS" starttime="20211123 21:35:07.127" endtime="20211123 21:35:07.129"/>
</kw>
<kw name="Should Not Be Empty" library="BuiltIn">
<arg>${RESPOSTA.json()["description"]}</arg>
<doc>Verifies that the given item is not empty.</doc>
<msg timestamp="20211123 21:35:07.130" level="INFO">Length is 5</msg>
<status status="PASS" starttime="20211123 21:35:07.129" endtime="20211123 21:35:07.130"/>
</kw>
<kw name="Should Not Be Empty" library="BuiltIn">
<arg>${RESPOSTA.json()["excerpt"]}</arg>
<doc>Verifies that the given item is not empty.</doc>
<msg timestamp="20211123 21:35:07.130" level="INFO">Length is 5</msg>
<status status="PASS" starttime="20211123 21:35:07.130" endtime="20211123 21:35:07.130"/>
</kw>
<kw name="Should Not Be Empty" library="BuiltIn">
<arg>${RESPOSTA.json()["publishDate"]}</arg>
<doc>Verifies that the given item is not empty.</doc>
<msg timestamp="20211123 21:35:07.131" level="INFO">Length is 24</msg>
<status status="PASS" starttime="20211123 21:35:07.130" endtime="20211123 21:35:07.131"/>
</kw>
<kw name="Log" library="BuiltIn">
<arg>${RESPOSTA.text}</arg>
<doc>Logs the given message with the given level.</doc>
<msg timestamp="20211123 21:35:07.131" level="INFO">{"id":2323,"title":"teste","description":"teste","pageCount":200,"excerpt":"teste","publishDate":"2021-11-23T13:55:00.384Z"}</msg>
<status status="PASS" starttime="20211123 21:35:07.131" endtime="20211123 21:35:07.131"/>
</kw>
<kw name="Set Test Variable" library="BuiltIn">
<arg>${RESPOSTA}</arg>
<doc>Makes a variable available everywhere within the scope of the current test.</doc>
<msg timestamp="20211123 21:35:07.131" level="INFO">${RESPOSTA} = &lt;Response [200]&gt;</msg>
<status status="PASS" starttime="20211123 21:35:07.131" endtime="20211123 21:35:07.131"/>
</kw>
<status status="PASS" starttime="20211123 21:35:07.125" endtime="20211123 21:35:07.131"/>
</kw>
<status status="PASS" starttime="20211123 21:35:07.124" endtime="20211123 21:35:07.131"/>
</kw>
<status status="PASS" starttime="20211123 21:35:06.837" endtime="20211123 21:35:07.132"/>
</test>
<test id="s1-t4" name="Alterar um livro (PUT)">
<kw name="Alterar o livro cadastrado &quot;150&quot;" library="ResourceAPI" sourcename="Alterar o livro cadastrado &quot;${ID_LIVROS}&quot;">
<kw name="PUT On Session" library="RequestsLibrary">
<var>${RESPOSTA}</var>
<arg>FakeAPI</arg>
<arg>Books/${ID_LIVROS}</arg>
<arg>data={"id": 1500,"title": "Book 1500","description": "Alteracao de livro","pageCount":3000,"excerpt": "Obrigado","publishDate": "2021-11-23T21:27:24.285Z"}</arg>
<arg>headers=${HEADERS}</arg>
<doc>Sends a PUT request on a previously created HTTP Session.</doc>
<msg timestamp="20211123 21:35:07.391" level="INFO">PUT Request : url=https://fakerestapi.azurewebsites.net/api/v1/Books/150 
 path_url=/api/v1/Books/150 
 headers={'User-Agent': 'python-requests/2.26.0', 'Accept-Encoding': 'gzip, deflate', 'Accept': '*/*', 'Connection': 'keep-alive', 'content-type': 'application/json', 'Content-Length': '150'} 
 body={"id": 1500,"title": "Book 1500","description": "Alteracao de livro","pageCount":3000,"excerpt": "Obrigado","publishDate": "2021-11-23T21:27:24.285Z"} 
 </msg>
<msg timestamp="20211123 21:35:07.391" level="INFO">PUT Response : url=https://fakerestapi.azurewebsites.net/api/v1/Books/150 
 status=200, reason=OK 
 headers={'Transfer-Encoding': 'chunked', 'Content-Type': 'application/json; charset=utf-8; v=1.0', 'Server': 'Kestrel', 'api-supported-versions': '1.0', 'Date': 'Wed, 24 Nov 2021 00:35:06 GMT'} 
 body={"id":1500,"title":"Book 1500","description":"Alteracao de livro","pageCount":3000,"excerpt":"Obrigado","publishDate":"2021-11-23T21:27:24.285Z"} 
 </msg>
<msg timestamp="20211123 21:35:07.391" level="INFO">C:\Users\patri\AppData\Local\Programs\Python\Python39\lib\site-packages\urllib3\connectionpool.py:1013: InsecureRequestWarning: Unverified HTTPS request is being made to host 'fakerestapi.azurewebsites.net'. Adding certificate verification is strongly advised. See: https://urllib3.readthedocs.io/en/1.26.x/advanced-usage.html#ssl-warnings
  warnings.warn(</msg>
<msg timestamp="20211123 21:35:07.392" level="INFO">${RESPOSTA} = &lt;Response [200]&gt;</msg>
<status status="PASS" starttime="20211123 21:35:07.133" endtime="20211123 21:35:07.392"/>
</kw>
<kw name="Log" library="BuiltIn">
<arg>${RESPOSTA.text}</arg>
<doc>Logs the given message with the given level.</doc>
<msg timestamp="20211123 21:35:07.393" level="INFO">{"id":1500,"title":"Book 1500","description":"Alteracao de livro","pageCount":3000,"excerpt":"Obrigado","publishDate":"2021-11-23T21:27:24.285Z"}</msg>
<status status="PASS" starttime="20211123 21:35:07.392" endtime="20211123 21:35:07.393"/>
</kw>
<kw name="Set Test Variable" library="BuiltIn">
<arg>${RESPOSTA}</arg>
<doc>Makes a variable available everywhere within the scope of the current test.</doc>
<msg timestamp="20211123 21:35:07.394" level="INFO">${RESPOSTA} = &lt;Response [200]&gt;</msg>
<status status="PASS" starttime="20211123 21:35:07.393" endtime="20211123 21:35:07.394"/>
</kw>
<status status="PASS" starttime="20211123 21:35:07.133" endtime="20211123 21:35:07.394"/>
</kw>
<kw name="Conferir o status code" library="ResourceAPI">
<arg>200</arg>
<kw name="Should Be Equal As Strings" library="BuiltIn">
<arg>${RESPOSTA.status_code}</arg>
<arg>${STATUSCODE_DESEJADO}</arg>
<doc>Fails if objects are unequal after converting them to strings.</doc>
<msg timestamp="20211123 21:35:07.395" level="INFO">Argument types are:
&lt;class 'int'&gt;
&lt;type 'unicode'&gt;</msg>
<status status="PASS" starttime="20211123 21:35:07.394" endtime="20211123 21:35:07.395"/>
</kw>
<status status="PASS" starttime="20211123 21:35:07.394" endtime="20211123 21:35:07.396"/>
</kw>
<kw name="Conferir o reason" library="ResourceAPI">
<arg>OK</arg>
<kw name="Should Be Equal As Strings" library="BuiltIn">
<arg>${RESPOSTA.reason}</arg>
<arg>${REASON_DESEJADO}</arg>
<doc>Fails if objects are unequal after converting them to strings.</doc>
<status status="PASS" starttime="20211123 21:35:07.396" endtime="20211123 21:35:07.397"/>
</kw>
<status status="PASS" starttime="20211123 21:35:07.396" endtime="20211123 21:35:07.397"/>
</kw>
<kw name="Conferir se retorna os dados alterados do livro &quot;150&quot;" library="ResourceAPI" sourcename="Conferir se retorna os dados alterados do livro &quot;${ID_LIVRO}&quot;">
<kw name="Conferir livro" library="ResourceAPI">
<arg>${ID_LIVRO}</arg>
<kw name="Dictionary Should Contain Item" library="Collections">
<arg>${RESPOSTA.json()}</arg>
<arg>id</arg>
<arg>${BOOK_${ID_LIVRO}.id}</arg>
<doc>An item of ``key`` / ``value`` must be found in a ``dictionary``.</doc>
<status status="PASS" starttime="20211123 21:35:07.398" endtime="20211123 21:35:07.400"/>
</kw>
<kw name="Dictionary Should Contain Item" library="Collections">
<arg>${RESPOSTA.json()}</arg>
<arg>title</arg>
<arg>${BOOK_${ID_LIVRO}.title}</arg>
<doc>An item of ``key`` / ``value`` must be found in a ``dictionary``.</doc>
<status status="PASS" starttime="20211123 21:35:07.400" endtime="20211123 21:35:07.401"/>
</kw>
<kw name="Dictionary Should Contain Item" library="Collections">
<arg>${RESPOSTA.json()}</arg>
<arg>pageCount</arg>
<arg>${BOOK_${ID_LIVRO}.pageCount}</arg>
<doc>An item of ``key`` / ``value`` must be found in a ``dictionary``.</doc>
<status status="PASS" starttime="20211123 21:35:07.401" endtime="20211123 21:35:07.402"/>
</kw>
<kw name="Should Not Be Empty" library="BuiltIn">
<arg>${RESPOSTA.json()["description"]}</arg>
<doc>Verifies that the given item is not empty.</doc>
<msg timestamp="20211123 21:35:07.402" level="INFO">Length is 18</msg>
<status status="PASS" starttime="20211123 21:35:07.402" endtime="20211123 21:35:07.402"/>
</kw>
<kw name="Should Not Be Empty" library="BuiltIn">
<arg>${RESPOSTA.json()["excerpt"]}</arg>
<doc>Verifies that the given item is not empty.</doc>
<msg timestamp="20211123 21:35:07.403" level="INFO">Length is 8</msg>
<status status="PASS" starttime="20211123 21:35:07.402" endtime="20211123 21:35:07.403"/>
</kw>
<kw name="Should Not Be Empty" library="BuiltIn">
<arg>${RESPOSTA.json()["publishDate"]}</arg>
<doc>Verifies that the given item is not empty.</doc>
<msg timestamp="20211123 21:35:07.403" level="INFO">Length is 24</msg>
<status status="PASS" starttime="20211123 21:35:07.403" endtime="20211123 21:35:07.403"/>
</kw>
<kw name="Log" library="BuiltIn">
<arg>${RESPOSTA.text}</arg>
<doc>Logs the given message with the given level.</doc>
<msg timestamp="20211123 21:35:07.404" level="INFO">{"id":1500,"title":"Book 1500","description":"Alteracao de livro","pageCount":3000,"excerpt":"Obrigado","publishDate":"2021-11-23T21:27:24.285Z"}</msg>
<status status="PASS" starttime="20211123 21:35:07.403" endtime="20211123 21:35:07.404"/>
</kw>
<kw name="Set Test Variable" library="BuiltIn">
<arg>${RESPOSTA}</arg>
<doc>Makes a variable available everywhere within the scope of the current test.</doc>
<msg timestamp="20211123 21:35:07.404" level="INFO">${RESPOSTA} = &lt;Response [200]&gt;</msg>
<status status="PASS" starttime="20211123 21:35:07.404" endtime="20211123 21:35:07.404"/>
</kw>
<status status="PASS" starttime="20211123 21:35:07.398" endtime="20211123 21:35:07.405"/>
</kw>
<status status="PASS" starttime="20211123 21:35:07.397" endtime="20211123 21:35:07.405"/>
</kw>
<status status="PASS" starttime="20211123 21:35:07.132" endtime="20211123 21:35:07.405"/>
</test>
<test id="s1-t5" name="Deletar um livro (DELETE)">
<kw name="Deletar o livro &quot;200&quot;" library="ResourceAPI" sourcename="Deletar o livro &quot;${ID_LIVROS}&quot;">
<kw name="DELETE On Session" library="RequestsLibrary">
<var>${RESPOSTA}</var>
<arg>FakeAPI</arg>
<arg>Books/${ID_LIVROS}</arg>
<doc>Sends a DELETE request on a previously created HTTP Session.</doc>
<msg timestamp="20211123 21:35:07.661" level="INFO">DELETE Request : url=https://fakerestapi.azurewebsites.net/api/v1/Books/200 
 path_url=/api/v1/Books/200 
 headers={'User-Agent': 'python-requests/2.26.0', 'Accept-Encoding': 'gzip, deflate', 'Accept': '*/*', 'Connection': 'keep-alive', 'Content-Length': '0'} 
 body=None 
 </msg>
<msg timestamp="20211123 21:35:07.661" level="INFO">DELETE Response : url=https://fakerestapi.azurewebsites.net/api/v1/Books/200 
 status=200, reason=OK 
 headers={'Server': 'Kestrel', 'api-supported-versions': '1.0', 'Date': 'Wed, 24 Nov 2021 00:35:06 GMT', 'Content-Length': '0'} 
 body=None 
 </msg>
<msg timestamp="20211123 21:35:07.661" level="INFO">C:\Users\patri\AppData\Local\Programs\Python\Python39\lib\site-packages\urllib3\connectionpool.py:1013: InsecureRequestWarning: Unverified HTTPS request is being made to host 'fakerestapi.azurewebsites.net'. Adding certificate verification is strongly advised. See: https://urllib3.readthedocs.io/en/1.26.x/advanced-usage.html#ssl-warnings
  warnings.warn(</msg>
<msg timestamp="20211123 21:35:07.662" level="INFO">${RESPOSTA} = &lt;Response [200]&gt;</msg>
<status status="PASS" starttime="20211123 21:35:07.407" endtime="20211123 21:35:07.662"/>
</kw>
<kw name="Log" library="BuiltIn">
<arg>${RESPOSTA.text}</arg>
<doc>Logs the given message with the given level.</doc>
<msg timestamp="20211123 21:35:07.663" level="INFO"/>
<status status="PASS" starttime="20211123 21:35:07.662" endtime="20211123 21:35:07.663"/>
</kw>
<kw name="Set Test Variable" library="BuiltIn">
<arg>${RESPOSTA}</arg>
<doc>Makes a variable available everywhere within the scope of the current test.</doc>
<msg timestamp="20211123 21:35:07.664" level="INFO">${RESPOSTA} = &lt;Response [200]&gt;</msg>
<status status="PASS" starttime="20211123 21:35:07.663" endtime="20211123 21:35:07.664"/>
</kw>
<status status="PASS" starttime="20211123 21:35:07.406" endtime="20211123 21:35:07.664"/>
</kw>
<kw name="Conferir o status code" library="ResourceAPI">
<arg>200</arg>
<kw name="Should Be Equal As Strings" library="BuiltIn">
<arg>${RESPOSTA.status_code}</arg>
<arg>${STATUSCODE_DESEJADO}</arg>
<doc>Fails if objects are unequal after converting them to strings.</doc>
<msg timestamp="20211123 21:35:07.665" level="INFO">Argument types are:
&lt;class 'int'&gt;
&lt;type 'unicode'&gt;</msg>
<status status="PASS" starttime="20211123 21:35:07.664" endtime="20211123 21:35:07.665"/>
</kw>
<status status="PASS" starttime="20211123 21:35:07.664" endtime="20211123 21:35:07.665"/>
</kw>
<kw name="Conferir o reason" library="ResourceAPI">
<arg>OK</arg>
<kw name="Should Be Equal As Strings" library="BuiltIn">
<arg>${RESPOSTA.reason}</arg>
<arg>${REASON_DESEJADO}</arg>
<doc>Fails if objects are unequal after converting them to strings.</doc>
<status status="PASS" starttime="20211123 21:35:07.666" endtime="20211123 21:35:07.666"/>
</kw>
<status status="PASS" starttime="20211123 21:35:07.665" endtime="20211123 21:35:07.666"/>
</kw>
<kw name="Conferir se o livro &quot;200&quot; foi deletado" library="ResourceAPI" sourcename="Conferir se o livro &quot;${ID_LIVRO}&quot; foi deletado">
<kw name="Should Be Empty" library="BuiltIn">
<arg>${RESPOSTA.content}</arg>
<doc>Verifies that the given item is empty.</doc>
<msg timestamp="20211123 21:35:07.667" level="INFO">Length is 0</msg>
<status status="PASS" starttime="20211123 21:35:07.667" endtime="20211123 21:35:07.668"/>
</kw>
<kw name="Log" library="BuiltIn">
<arg>${RESPOSTA.text}</arg>
<doc>Logs the given message with the given level.</doc>
<msg timestamp="20211123 21:35:07.669" level="INFO"/>
<status status="PASS" starttime="20211123 21:35:07.668" endtime="20211123 21:35:07.670"/>
</kw>
<kw name="Set Test Variable" library="BuiltIn">
<arg>${RESPOSTA}</arg>
<doc>Makes a variable available everywhere within the scope of the current test.</doc>
<msg timestamp="20211123 21:35:07.670" level="INFO">${RESPOSTA} = &lt;Response [200]&gt;</msg>
<status status="PASS" starttime="20211123 21:35:07.670" endtime="20211123 21:35:07.670"/>
</kw>
<status status="PASS" starttime="20211123 21:35:07.666" endtime="20211123 21:35:07.670"/>
</kw>
<status status="PASS" starttime="20211123 21:35:07.405" endtime="20211123 21:35:07.670"/>
</test>
<doc>Documentação da API https://fakerestapi.azurewebsites.net</doc>
<status status="PASS" starttime="20211123 21:35:02.423" endtime="20211123 21:35:07.671"/>
</suite>
<statistics>
<total>
<stat pass="5" fail="0" skip="0">All Tests</stat>
</total>
<tag>
</tag>
<suite>
<stat pass="5" fail="0" skip="0" id="s1" name="TestAPIBook">TestAPIBook</stat>
</suite>
</statistics>
<errors>
</errors>
</robot>
